Start testing: Jan 17 11:09 Jerusalem Standard Time
----------------------------------------------------------
1/7 Testing: test_sad_graphics_basic
1/7 Test: test_sad_graphics_basic
Command: "C:/s/s_language/stdlib/graphics/build/Debug/test_sad_graphics_basic.exe"
Directory: C:/s/s_language/stdlib/graphics/build
"test_sad_graphics_basic" start time: Jan 17 11:09 Jerusalem Standard Time
Output:
----------------------------------------------------------
═══════════════════════════════════════════════════════════
         Sad Graphics Library - Basic Test
═══════════════════════════════════════════════════════════

  Testing UTF-8 functions...
    Arabic text 'مرحباً' has 6 characters
    First character: U+0645 (2 bytes)
    Encoded back to 2 bytes
  ✓ UTF-8 tests passed
  Testing Arabic detection...
    U+0628 (Ba) is Arabic: yes
    'A' is Arabic: no
    U+0628 (Ba) is joining: yes
  ✓ Arabic detection tests passed
  Testing BiDi functions...
    U+0628 (Ba) BiDi type: 2 (expected AL=2)
    'A' BiDi type: 0 (expected L=0)
  ✓ BiDi tests passed
  Testing text creation...
    Created text with 19 glyphs
    Text destroyed successfully
  ✓ Text creation tests passed

═══════════════════════════════════════════════════════════
         All tests passed! ✓
═══════════════════════════════════════════════════════════
<end of output>
Test time =   0.08 sec
----------------------------------------------------------
Test Passed.
"test_sad_graphics_basic" end time: Jan 17 11:09 Jerusalem Standard Time
"test_sad_graphics_basic" time elapsed: 00:00:00
----------------------------------------------------------

2/7 Testing: test_sad_graphics_shapes
2/7 Test: test_sad_graphics_shapes
Command: "C:/s/s_language/stdlib/graphics/build/Debug/test_sad_graphics_shapes.exe"
Directory: C:/s/s_language/stdlib/graphics/build
"test_sad_graphics_shapes" start time: Jan 17 11:09 Jerusalem Standard Time
Output:
----------------------------------------------------------

═══════════════════════════════════════════════════════════
     اختبارات الأشكال الهندسية - Shapes Tests
═══════════════════════════════════════════════════════════

📐 اختبارات دوال المساعدة:
  اختبار: sad_point_in_rect... ✅ نجح
  اختبار: sad_point_in_circle... ✅ نجح
  اختبار: sad_point_in_triangle... ✅ نجح
  اختبار: sad_point_in_polygon... ✅ نجح
  اختبار: sad_triangle_area... ✅ نجح
  اختبار: sad_polygon_perimeter... ✅ نجح
  اختبار: sad_antialias_default/off... ✅ نجح

🔢 اختبارات الثوابت والتعدادات:
  اختبار: ثوابت الأشكال... ✅ نجح
  اختبار: أنماط الزوايا... ✅ نجح
  اختبار: اتجاهات الأقواس... ✅ نجح

═══════════════════════════════════════════════════════════
     ملخص النتائج
═══════════════════════════════════════════════════════════
  الاختبارات المنفذة: 10
  ✅ نجح: 10
  ❌ فشل: 0
═══════════════════════════════════════════════════════════

🎉 جميع الاختبارات نجحت! 🎉

<end of output>
Test time =   0.07 sec
----------------------------------------------------------
Test Passed.
"test_sad_graphics_shapes" end time: Jan 17 11:09 Jerusalem Standard Time
"test_sad_graphics_shapes" time elapsed: 00:00:00
----------------------------------------------------------

3/7 Testing: test_sad_graphics_arabic_text
3/7 Test: test_sad_graphics_arabic_text
Command: "C:/s/s_language/stdlib/graphics/build/Debug/test_sad_graphics_arabic_text.exe"
Directory: C:/s/s_language/stdlib/graphics/build
"test_sad_graphics_arabic_text" start time: Jan 17 11:09 Jerusalem Standard Time
Output:
----------------------------------------------------------

======================================
  Arabic Text Tests - Sad Graphics
======================================

[Text Direction Tests]
  + Arabic bytes = RTL
  + English = LTR
  + Mixed Arabic first = RTL
  + Mixed English first = LTR

[Advanced Text Creation Tests]
  + create empty text
  + create English text
  + create Arabic text
  + create mixed text

[Advanced Text Settings Tests]
  + set_direction RTL
  + set_direction LTR
  + set_align_h CENTER
  + set_align_h RIGHT

[Unicode Arabic Tests]
  + Arabic greeting
  + Bismillah
  + Arabic with numbers

======================================
  Results: 15 passed, 0 failed
======================================

<end of output>
Test time =   0.09 sec
----------------------------------------------------------
Test Passed.
"test_sad_graphics_arabic_text" end time: Jan 17 11:09 Jerusalem Standard Time
"test_sad_graphics_arabic_text" time elapsed: 00:00:00
----------------------------------------------------------

4/7 Testing: test_sad_graphics_image
4/7 Test: test_sad_graphics_image
Command: "C:/s/s_language/stdlib/graphics/build/Debug/test_sad_graphics_image.exe"
Directory: C:/s/s_language/stdlib/graphics/build
"test_sad_graphics_image" start time: Jan 17 11:09 Jerusalem Standard Time
Output:
----------------------------------------------------------
خطأ: فشل فتح الملف nonexistent_file.png | Error: Failed to open file nonexistent_file.png
خطأ: بيانات الصورة فارغة | Error: Image data is empty

======================================
  Image Tests - Sad Graphics
======================================

[Image Creation and Destruction Tests]
  + Load 1x1 PNG from memory
  + Image is valid
  + Image width is 1
  + Image height is 1
  + Image has RGB channels
  + Image destroyed successfully
  + Load nonexistent file returns NULL
  + Load from NULL data returns NULL

[Image Pixel Access Tests]
  + Pixel red component valid
  + Pixel green component valid
  + Pixel blue component valid
  + Pixel alpha component valid
  + Set pixel color
  + Read back pixel color matches
  + Out of bounds read returns default color

[Image Information Tests]
  + Width > 0
  + Height > 0
  + Channels >= 3
  + Image is valid
  + NULL image width = 0
  + NULL image height = 0
  + NULL image channels = 0
  + NULL image not valid

======================================
  Results: 23 passed, 0 failed
======================================

<end of output>
Test time =   0.09 sec
----------------------------------------------------------
Test Passed.
"test_sad_graphics_image" end time: Jan 17 11:09 Jerusalem Standard Time
"test_sad_graphics_image" time elapsed: 00:00:00
----------------------------------------------------------

5/7 Testing: test_sad_graphics_transform
5/7 Test: test_sad_graphics_transform
Command: "C:/s/s_language/stdlib/graphics/build/Debug/test_sad_graphics_transform.exe"
Directory: C:/s/s_language/stdlib/graphics/build
"test_sad_graphics_transform" start time: Jan 17 11:09 Jerusalem Standard Time
Output:
----------------------------------------------------------

======================================
  Transform Tests - Sad Graphics
======================================

[اختبار إنشاء Canvas | Canvas Creation Test]
  + Canvas created successfully
  + Canvas destroyed successfully

[اختبار الإزاحة | Translation Test]
  + Translate applied
  + Transform reset

[اختبار التحجيم | Scale Test]
  + Scale applied

[اختبار التدوير | Rotation Test]
  + Rotate applied

[اختبار حفظ واستعادة الحالة | Save/Restore Test]
  + State saved
  + Transforms applied
  + State restored

[اختبار التحويلات المركبة | Combined Transforms Test]
  + Combined transforms applied
  + Shape drawn with transforms

======================================
  Results: 11 passed, 0 failed
======================================

<end of output>
Test time =   0.14 sec
----------------------------------------------------------
Test Passed.
"test_sad_graphics_transform" end time: Jan 17 11:09 Jerusalem Standard Time
"test_sad_graphics_transform" time elapsed: 00:00:00
----------------------------------------------------------

6/7 Testing: test_sad_graphics_3d
6/7 Test: test_sad_graphics_3d
Command: "C:/s/s_language/stdlib/graphics/build/Debug/test_sad_graphics_3d.exe"
Directory: C:/s/s_language/stdlib/graphics/build
"test_sad_graphics_3d" start time: Jan 17 11:09 Jerusalem Standard Time
Output:
----------------------------------------------------------
═══════════════════════════════════════════════════════════════════
        اختبارات نظام الرسومات ثلاثية الأبعاد
        3D Graphics System Tests
═══════════════════════════════════════════════════════════════════

--- اختبارات الكاميرا ---
[✓] الكاميرا الافتراضية: position.x = 0
[✓] الكاميرا الافتراضية: position.y = 10
[✓] الكاميرا الافتراضية: position.z = 10
[✓] الكاميرا الافتراضية: target.x = 0
[✓] الكاميرا الافتراضية: target.y = 0
[✓] الكاميرا الافتراضية: target.z = 0
[✓] الكاميرا الافتراضية: up.y = 1
[✓] الكاميرا الافتراضية: fov = 45
[✓] الكاميرا الافتراضية: إسقاط منظوري
[✓] تحريك الكاميرا للأعلى: y زاد
[✓] تحريك الكاميرا للأسفل: y نقص
[✓] التحريك مع NULL لا يُسبب خطأ
[✓] النظر لنقطة: target.x = 5
[✓] النظر لنقطة: target.y = 2
[✓] النظر لنقطة: target.z = -3
[✓] المدار: المسافة من المركز = 10
[✓] المدار: target = center

--- اختبارات المشهد ---
[✓] إنشاء مشهد: نجاح
[✓] تدمير مشهد: نجاح
[✓] تدمير NULL: لا خطأ
[✓] تعيين لون الخلفية: نجاح
[✓] تعيين كاميرا مخصصة: fov = 60

--- اختبارات النماذج ---
[✓] إنشاء مكعب: نجاح
[✓] المكعب: موقع افتراضي = (0,0,0)
[✓] المكعب: مقياس افتراضي = (1,1,1)
[✓] تدمير المكعب: نجاح
[✓] إنشاء كرة: نجاح
[✓] تدمير الكرة: نجاح
[✓] إنشاء أسطوانة: نجاح
[✓] إنشاء مخروط: نجاح
[✓] إنشاء مستوى: نجاح
[✓] تعيين موقع النموذج: نجاح
[✓] تعيين دوران النموذج: نجاح
[✓] تعيين مقياس النموذج: نجاح

--- اختبارات الإضاءة ---
[✓] الإضاءة المحيطة: نوع صحيح
[✓] الإضاءة المحيطة: شدة = 0.3
[✓] الإضاءة المحيطة: مُفعَّلة
[✓] الإضاءة الموجهة: نوع صحيح
[✓] الإضاءة الموجهة: مُفعَّلة
[✓] الإضاءة الموجهة: اتجاه مُطبَّع
[✓] الإضاءة النقطية: نوع صحيح
[✓] الإضاءة النقطية: موقع صحيح
[✓] الإضاءة النقطية: شدة = 2
[✓] إضافة إضاءة للمشهد: نجاح
[✓] المشهد: عدد الإضاءة ≥ 2

--- اختبارات الرسم المباشر ---
[✓] بدء وضع 3D: نجاح
[✓] إنهاء وضع 3D: نجاح
[✓] رسم مكعب: نجاح
[✓] رسم حواف مكعب: نجاح
[✓] رسم كرة: نجاح
[✓] رسم شبكة: نجاح
[✓] رسم خط: نجاح
[✓] رسم المحاور: نجاح

--- اختبار التكامل ---
[✓] التكامل: إنشاء مشهد
[✓] التكامل: إنشاء نماذج
[✓] التكامل: إضافة نماذج للمشهد
[✓] التكامل: رسم المشهد
[✓] التكامل: تنظيف ناجح

═══════════════════════════════════════════════════════════════════
                         النتائج النهائية
═══════════════════════════════════════════════════════════════════
   الاختبارات الناجحة: 58
   الاختبارات الفاشلة: 0
   المجموع: 58
═══════════════════════════════════════════════════════════════════

✓ جميع الاختبارات نجحت!
<end of output>
Test time =   0.07 sec
----------------------------------------------------------
Test Passed.
"test_sad_graphics_3d" end time: Jan 17 11:09 Jerusalem Standard Time
"test_sad_graphics_3d" time elapsed: 00:00:00
----------------------------------------------------------

7/7 Testing: test_sad_graphics_animation
7/7 Test: test_sad_graphics_animation
Command: "C:/s/s_language/stdlib/graphics/build/Debug/test_sad_graphics_animation.exe"
Directory: C:/s/s_language/stdlib/graphics/build
"test_sad_graphics_animation" start time: Jan 17 11:09 Jerusalem Standard Time
Output:
----------------------------------------------------------
═══════════════════════════════════════════════════════════════════════════════════
                    اختبارات نظام الرسوم المتحركة
                    Animation System Tests
═══════════════════════════════════════════════════════════════════════════════════

--- اختبارات التسهيل ---
[✓] التسهيل الخطي: t=0 → 0
[✓] التسهيل الخطي: t=0.5 → 0.5
[✓] التسهيل الخطي: t=1 → 1
[✓] تسهيل دخول تربيعي: t=0.5 → 0.25
[✓] تسهيل خروج تربيعي: t=0.5 → 0.75
[✓] تسهيل مزدوج تربيعي: منحنى S
[✓] اختبار حدود كل دوال التسهيل: نجاح
[✓] اسم التسهيل الخطي: ليس NULL
[✓] اسم تسهيل غير معروف: ليس NULL

--- اختبارات إنشاء الحركات ---
[✓] إنشاء حركة: نجاح
[✓] القيمة الابتدائية: 0
[✓] الحالة الابتدائية: خامل
[✓] تدمير حركة: نجاح
[✓] تدمير NULL: لا خطأ
[✓] إنشاء حركة مخصصة: نجاح
[✓] مدة صفرية: مرفوض (NULL)
[✓] مدة سالبة: مرفوض (NULL)

--- اختبارات دورة حياة الحركة ---
[✓] بدء الحركة: قيد التشغيل
[✓] الحالة: تشغيل
[✓] إيقاف مؤقت: ليست قيد التشغيل
[✓] الحالة: متوقف
[✓] استئناف: قيد التشغيل
[✓] إيقاف: خامل
[✓] بعد الإيقاف: القيمة = 0

--- اختبارات تحديث الحركة ---
[✓] بعد 0.5 ثانية: لا تزال تعمل
[✓] التقدم بعد 0.5 ثانية: 50%
[✓] القيمة بعد 0.5 ثانية: 50
[✓] بعد 1.1 ثانية: انتهت
[✓] الحركة: منتهية
[✓] القيمة النهائية: 100
[✓] القفز لـ 50%: نجاح
[✓] القفز لـ 0%: نجاح
[✓] القفز لـ 100%: نجاح

--- اختبارات التسهيل ---
[✓] تسهيل الدخول أبطأ من الخطي عند 50%

--- اختبارات التكرار ---
[✓] بعد الدورة الأولى: لم تنتهِ
[✓] بعد الدورة الثانية: انتهت
[✓] يويو: النهاية = 100
[✓] يويو: العودة = 0
[✓] سرعة مضاعفة: انتهت بعد ثانية واحدة
[✓] أثناء التأخير: القيمة = 0
[✓] بعد التأخير: القيمة > 0

--- اختبارات المجموعات ---
[✓] إنشاء مجموعة متوازية: نجاح
[✓] إضافة حركة 1: نجاح
[✓] إضافة حركة 2: نجاح
[✓] عدد الحركات: 2
[✓] الحصول على حركة 0: نجاح
[✓] بعد 1.1 ثانية: لم تنتهِ (الثانية مستمرة)
[✓] بعد 2.1 ثانية: انتهت
[✓] إنشاء مجموعة متتابعة: نجاح
[✓] بعد الأولى: لم تنتهِ
[✓] بعد الثانية: انتهت

--- اختبارات الدوال المساعدة ---
[✓] lerp(0,100,0) = 0
[✓] lerp(0,100,0.5) = 50
[✓] lerp(0,100,1) = 100
[✓] clamp(50,0,100) = 50
[✓] clamp(-10,0,100) = 0
[✓] clamp(150,0,100) = 100
[✓] remap(50,0-100,0-1) = 0.5
[✓] remap(0.5,0-1,0-100) = 50

═══════════════════════════════════════════════════════════════════════════════════
                    النتائج النهائية
═══════════════════════════════════════════════════════════════════════════════════
   الاختبارات الناجحة: 59
   الاختبارات الفاشلة: 0
   المجموع: 59
═══════════════════════════════════════════════════════════════════════════════════
✓ جميع الاختبارات نجحت!
<end of output>
Test time =   0.06 sec
----------------------------------------------------------
Test Passed.
"test_sad_graphics_animation" end time: Jan 17 11:09 Jerusalem Standard Time
"test_sad_graphics_animation" time elapsed: 00:00:00
----------------------------------------------------------

End testing: Jan 17 11:09 Jerusalem Standard Time
