{"C:\\s\\s_language\\tools\\sad-registry\\src\\server.js": {"path":"C:\\s\\s_language\\tools\\sad-registry\\src\\server.js","statementMap":{"0":{"start":{"line":16,"column":0},"end":{"line":16,"column":27}},"1":{"start":{"line":18,"column":16},"end":{"line":18,"column":34}},"2":{"start":{"line":19,"column":15},"end":{"line":19,"column":32}},"3":{"start":{"line":20,"column":13},"end":{"line":20,"column":28}},"4":{"start":{"line":21,"column":20},"end":{"line":21,"column":42}},"5":{"start":{"line":22,"column":15},"end":{"line":22,"column":32}},"6":{"start":{"line":23,"column":13},"end":{"line":23,"column":28}},"7":{"start":{"line":24,"column":11},"end":{"line":24,"column":24}},"8":{"start":{"line":26,"column":25},"end":{"line":26,"column":53}},"9":{"start":{"line":27,"column":18},"end":{"line":27,"column":41}},"10":{"start":{"line":28,"column":18},"end":{"line":28,"column":41}},"11":{"start":{"line":29,"column":42},"end":{"line":29,"column":72}},"12":{"start":{"line":30,"column":27},"end":{"line":30,"column":61}},"13":{"start":{"line":36,"column":12},"end":{"line":36,"column":21}},"14":{"start":{"line":37,"column":13},"end":{"line":37,"column":37}},"15":{"start":{"line":38,"column":13},"end":{"line":38,"column":42}},"16":{"start":{"line":41,"column":13},"end":{"line":45,"column":1}},"17":{"start":{"line":46,"column":0},"end":{"line":50,"column":3}},"18":{"start":{"line":47,"column":4},"end":{"line":49,"column":5}},"19":{"start":{"line":48,"column":8},"end":{"line":48,"column":47}},"20":{"start":{"line":57,"column":0},"end":{"line":67,"column":4}},"21":{"start":{"line":70,"column":0},"end":{"line":76,"column":4}},"22":{"start":{"line":79,"column":0},"end":{"line":79,"column":23}},"23":{"start":{"line":82,"column":0},"end":{"line":82,"column":41}},"24":{"start":{"line":83,"column":0},"end":{"line":83,"column":63}},"25":{"start":{"line":86,"column":0},"end":{"line":88,"column":1}},"26":{"start":{"line":87,"column":4},"end":{"line":87,"column":32}},"27":{"start":{"line":91,"column":0},"end":{"line":91,"column":24}},"28":{"start":{"line":94,"column":0},"end":{"line":94,"column":62}},"29":{"start":{"line":97,"column":0},"end":{"line":97,"column":30}},"30":{"start":{"line":98,"column":0},"end":{"line":98,"column":54}},"31":{"start":{"line":105,"column":0},"end":{"line":105,"column":30}},"32":{"start":{"line":108,"column":0},"end":{"line":108,"column":24}},"33":{"start":{"line":111,"column":0},"end":{"line":111,"column":25}},"34":{"start":{"line":112,"column":0},"end":{"line":112,"column":22}},"35":{"start":{"line":119,"column":4},"end":{"line":144,"column":5}},"36":{"start":{"line":121,"column":19},"end":{"line":121,"column":33}},"37":{"start":{"line":122,"column":8},"end":{"line":122,"column":27}},"38":{"start":{"line":124,"column":8},"end":{"line":124,"column":24}},"39":{"start":{"line":125,"column":8},"end":{"line":125,"column":84}},"40":{"start":{"line":126,"column":8},"end":{"line":126,"column":84}},"41":{"start":{"line":127,"column":8},"end":{"line":127,"column":83}},"42":{"start":{"line":128,"column":8},"end":{"line":128,"column":84}},"43":{"start":{"line":129,"column":8},"end":{"line":129,"column":84}},"44":{"start":{"line":130,"column":8},"end":{"line":130,"column":24}},"45":{"start":{"line":132,"column":8},"end":{"line":139,"column":11}},"46":{"start":{"line":133,"column":12},"end":{"line":133,"column":60}},"47":{"start":{"line":134,"column":12},"end":{"line":134,"column":58}},"48":{"start":{"line":135,"column":12},"end":{"line":135,"column":70}},"49":{"start":{"line":136,"column":12},"end":{"line":136,"column":63}},"50":{"start":{"line":137,"column":12},"end":{"line":137,"column":87}},"51":{"start":{"line":138,"column":12},"end":{"line":138,"column":28}},"52":{"start":{"line":142,"column":8},"end":{"line":142,"column":80}},"53":{"start":{"line":143,"column":8},"end":{"line":143,"column":24}},"54":{"start":{"line":148,"column":0},"end":{"line":150,"column":1}},"55":{"start":{"line":149,"column":4},"end":{"line":149,"column":18}},"56":{"start":{"line":152,"column":0},"end":{"line":152,"column":38}}},"fnMap":{"0":{"name":"(anonymous_0)","decl":{"start":{"line":46,"column":13},"end":{"line":46,"column":14}},"loc":{"start":{"line":46,"column":20},"end":{"line":50,"column":1}},"line":46},"1":{"name":"startServer","decl":{"start":{"line":118,"column":15},"end":{"line":118,"column":26}},"loc":{"start":{"line":118,"column":29},"end":{"line":145,"column":1}},"line":118},"2":{"name":"(anonymous_2)","decl":{"start":{"line":132,"column":31},"end":{"line":132,"column":32}},"loc":{"start":{"line":132,"column":37},"end":{"line":139,"column":9}},"line":132}},"branchMap":{"0":{"loc":{"start":{"line":37,"column":13},"end":{"line":37,"column":37}},"type":"binary-expr","locations":[{"start":{"line":37,"column":13},"end":{"line":37,"column":29}},{"start":{"line":37,"column":33},"end":{"line":37,"column":37}}],"line":37},"1":{"loc":{"start":{"line":38,"column":13},"end":{"line":38,"column":42}},"type":"binary-expr","locations":[{"start":{"line":38,"column":13},"end":{"line":38,"column":29}},{"start":{"line":38,"column":33},"end":{"line":38,"column":42}}],"line":38},"2":{"loc":{"start":{"line":42,"column":4},"end":{"line":42,"column":52}},"type":"binary-expr","locations":[{"start":{"line":42,"column":4},"end":{"line":42,"column":28}},{"start":{"line":42,"column":32},"end":{"line":42,"column":52}}],"line":42},"3":{"loc":{"start":{"line":47,"column":4},"end":{"line":49,"column":5}},"type":"if","locations":[{"start":{"line":47,"column":4},"end":{"line":49,"column":5}},{"start":{},"end":{}}],"line":47},"4":{"loc":{"start":{"line":71,"column":12},"end":{"line":73,"column":13}},"type":"cond-expr","locations":[{"start":{"line":72,"column":10},"end":{"line":72,"column":34}},{"start":{"line":73,"column":10},"end":{"line":73,"column":13}}],"line":71},"5":{"loc":{"start":{"line":86,"column":0},"end":{"line":88,"column":1}},"type":"if","locations":[{"start":{"line":86,"column":0},"end":{"line":88,"column":1}},{"start":{},"end":{}}],"line":86},"6":{"loc":{"start":{"line":137,"column":40},"end":{"line":137,"column":83}},"type":"binary-expr","locations":[{"start":{"line":137,"column":40},"end":{"line":137,"column":59}},{"start":{"line":137,"column":63},"end":{"line":137,"column":83}}],"line":137},"7":{"loc":{"start":{"line":148,"column":0},"end":{"line":150,"column":1}},"type":"if","locations":[{"start":{"line":148,"column":0},"end":{"line":150,"column":1}},{"start":{},"end":{}}],"line":148}},"s":{"0":1,"1":1,"2":1,"3":1,"4":1,"5":1,"6":1,"7":1,"8":1,"9":1,"10":1,"11":1,"12":1,"13":1,"14":1,"15":1,"16":1,"17":1,"18":3,"19":0,"20":1,"21":1,"22":1,"23":1,"24":1,"25":1,"26":0,"27":1,"28":1,"29":1,"30":1,"31":1,"32":1,"33":1,"34":1,"35":0,"36":0,"37":0,"38":0,"39":0,"40":0,"41":0,"42":0,"43":0,"44":0,"45":0,"46":0,"47":0,"48":0,"49":0,"50":0,"51":0,"52":0,"53":0,"54":1,"55":0,"56":1},"f":{"0":3,"1":0,"2":0},"b":{"0":[1,0],"1":[1,0],"2":[1,0],"3":[0,3],"4":[0,1],"5":[0,1],"6":[0,0],"7":[0,1]},"_coverageSchema":"1a1c01bbd47fc00a2c39e90264f33305004495a9","hash":"5d573a39a1a4f1a007450393a8cdd2e33c52be59"}
,"C:\\s\\s_language\\tools\\sad-registry\\src\\middleware\\auth.js": {"path":"C:\\s\\s_language\\tools\\sad-registry\\src\\middleware\\auth.js","statementMap":{"0":{"start":{"line":38,"column":12},"end":{"line":38,"column":35}},"1":{"start":{"line":39,"column":15},"end":{"line":39,"column":32}},"2":{"start":{"line":44,"column":19},"end":{"line":44,"column":74}},"3":{"start":{"line":63,"column":23},"end":{"line":63,"column":48}},"4":{"start":{"line":65,"column":4},"end":{"line":70,"column":5}},"5":{"start":{"line":66,"column":8},"end":{"line":69,"column":11}},"6":{"start":{"line":72,"column":28},"end":{"line":72,"column":49}},"7":{"start":{"line":74,"column":4},"end":{"line":76,"column":5}},"8":{"start":{"line":75,"column":8},"end":{"line":75,"column":86}},"9":{"start":{"line":78,"column":15},"end":{"line":78,"column":32}},"10":{"start":{"line":81,"column":4},"end":{"line":93,"column":5}},"11":{"start":{"line":82,"column":8},"end":{"line":92,"column":9}},"12":{"start":{"line":83,"column":28},"end":{"line":83,"column":57}},"13":{"start":{"line":84,"column":25},"end":{"line":84,"column":126}},"14":{"start":{"line":85,"column":12},"end":{"line":87,"column":13}},"15":{"start":{"line":86,"column":16},"end":{"line":86,"column":85}},"16":{"start":{"line":88,"column":12},"end":{"line":88,"column":28}},"17":{"start":{"line":89,"column":12},"end":{"line":89,"column":26}},"18":{"start":{"line":96,"column":21},"end":{"line":96,"column":78}},"19":{"start":{"line":98,"column":4},"end":{"line":124,"column":5}},"20":{"start":{"line":99,"column":21},"end":{"line":101,"column":24}},"21":{"start":{"line":103,"column":8},"end":{"line":106,"column":9}},"22":{"start":{"line":104,"column":12},"end":{"line":104,"column":28}},"23":{"start":{"line":105,"column":12},"end":{"line":105,"column":26}},"24":{"start":{"line":109,"column":26},"end":{"line":109,"column":84}},"25":{"start":{"line":110,"column":28},"end":{"line":116,"column":25}},"26":{"start":{"line":118,"column":8},"end":{"line":123,"column":9}},"27":{"start":{"line":119,"column":12},"end":{"line":119,"column":115}},"28":{"start":{"line":120,"column":12},"end":{"line":120,"column":115}},"29":{"start":{"line":121,"column":12},"end":{"line":121,"column":69}},"30":{"start":{"line":122,"column":12},"end":{"line":122,"column":26}},"31":{"start":{"line":126,"column":4},"end":{"line":129,"column":7}},"32":{"start":{"line":136,"column":23},"end":{"line":136,"column":48}},"33":{"start":{"line":137,"column":4},"end":{"line":140,"column":5}},"34":{"start":{"line":138,"column":8},"end":{"line":138,"column":24}},"35":{"start":{"line":139,"column":8},"end":{"line":139,"column":22}},"36":{"start":{"line":143,"column":4},"end":{"line":148,"column":7}},"37":{"start":{"line":144,"column":8},"end":{"line":146,"column":9}},"38":{"start":{"line":145,"column":12},"end":{"line":145,"column":28}},"39":{"start":{"line":147,"column":8},"end":{"line":147,"column":15}},"40":{"start":{"line":151,"column":0},"end":{"line":151,"column":48}}},"fnMap":{"0":{"name":"authenticate","decl":{"start":{"line":62,"column":9},"end":{"line":62,"column":21}},"loc":{"start":{"line":62,"column":38},"end":{"line":130,"column":1}},"line":62},"1":{"name":"optionalAuth","decl":{"start":{"line":135,"column":9},"end":{"line":135,"column":21}},"loc":{"start":{"line":135,"column":38},"end":{"line":149,"column":1}},"line":135},"2":{"name":"(anonymous_2)","decl":{"start":{"line":143,"column":27},"end":{"line":143,"column":28}},"loc":{"start":{"line":143,"column":36},"end":{"line":148,"column":5}},"line":143}},"branchMap":{"0":{"loc":{"start":{"line":44,"column":19},"end":{"line":44,"column":74}},"type":"binary-expr","locations":[{"start":{"line":44,"column":19},"end":{"line":44,"column":41}},{"start":{"line":44,"column":45},"end":{"line":44,"column":74}}],"line":44},"1":{"loc":{"start":{"line":65,"column":4},"end":{"line":70,"column":5}},"type":"if","locations":[{"start":{"line":65,"column":4},"end":{"line":70,"column":5}},{"start":{},"end":{}}],"line":65},"2":{"loc":{"start":{"line":74,"column":4},"end":{"line":76,"column":5}},"type":"if","locations":[{"start":{"line":74,"column":4},"end":{"line":76,"column":5}},{"start":{},"end":{}}],"line":74},"3":{"loc":{"start":{"line":81,"column":4},"end":{"line":93,"column":5}},"type":"if","locations":[{"start":{"line":81,"column":4},"end":{"line":93,"column":5}},{"start":{},"end":{}}],"line":81},"4":{"loc":{"start":{"line":85,"column":12},"end":{"line":87,"column":13}},"type":"if","locations":[{"start":{"line":85,"column":12},"end":{"line":87,"column":13}},{"start":{},"end":{}}],"line":85},"5":{"loc":{"start":{"line":96,"column":21},"end":{"line":96,"column":78}},"type":"cond-expr","locations":[{"start":{"line":96,"column":43},"end":{"line":96,"column":48}},{"start":{"line":96,"column":51},"end":{"line":96,"column":78}}],"line":96},"6":{"loc":{"start":{"line":98,"column":4},"end":{"line":124,"column":5}},"type":"if","locations":[{"start":{"line":98,"column":4},"end":{"line":124,"column":5}},{"start":{},"end":{}}],"line":98},"7":{"loc":{"start":{"line":103,"column":8},"end":{"line":106,"column":9}},"type":"if","locations":[{"start":{"line":103,"column":8},"end":{"line":106,"column":9}},{"start":{},"end":{}}],"line":103},"8":{"loc":{"start":{"line":118,"column":8},"end":{"line":123,"column":9}},"type":"if","locations":[{"start":{"line":118,"column":8},"end":{"line":123,"column":9}},{"start":{},"end":{}}],"line":118},"9":{"loc":{"start":{"line":121,"column":41},"end":{"line":121,"column":67}},"type":"binary-expr","locations":[{"start":{"line":121,"column":41},"end":{"line":121,"column":59}},{"start":{"line":121,"column":63},"end":{"line":121,"column":67}}],"line":121},"10":{"loc":{"start":{"line":137,"column":4},"end":{"line":140,"column":5}},"type":"if","locations":[{"start":{"line":137,"column":4},"end":{"line":140,"column":5}},{"start":{},"end":{}}],"line":137},"11":{"loc":{"start":{"line":144,"column":8},"end":{"line":146,"column":9}},"type":"if","locations":[{"start":{"line":144,"column":8},"end":{"line":146,"column":9}},{"start":{},"end":{}}],"line":144}},"s":{"0":1,"1":1,"2":1,"3":5,"4":5,"5":2,"6":3,"7":3,"8":0,"9":3,"10":3,"11":3,"12":3,"13":2,"14":2,"15":0,"16":2,"17":2,"18":1,"19":1,"20":1,"21":1,"22":1,"23":1,"24":0,"25":0,"26":0,"27":0,"28":0,"29":0,"30":0,"31":0,"32":0,"33":0,"34":0,"35":0,"36":0,"37":0,"38":0,"39":0,"40":1},"f":{"0":5,"1":0,"2":0},"b":{"0":[1,0],"1":[2,3],"2":[0,3],"3":[3,0],"4":[0,2],"5":[1,0],"6":[1,0],"7":[1,0],"8":[0,0],"9":[0,0],"10":[0,0],"11":[0,0]},"_coverageSchema":"1a1c01bbd47fc00a2c39e90264f33305004495a9","hash":"1f316ceaaef7496a90beadc01c7ee7fcac634bb2"}
,"C:\\s\\s_language\\tools\\sad-registry\\src\\middleware\\errors.js": {"path":"C:\\s\\s_language\\tools\\sad-registry\\src\\middleware\\errors.js","statementMap":{"0":{"start":{"line":40,"column":4},"end":{"line":50,"column":5}},"1":{"start":{"line":41,"column":8},"end":{"line":45,"column":11}},"2":{"start":{"line":47,"column":8},"end":{"line":49,"column":11}},"3":{"start":{"line":65,"column":4},"end":{"line":65,"column":54}},"4":{"start":{"line":67,"column":23},"end":{"line":67,"column":44}},"5":{"start":{"line":68,"column":20},"end":{"line":70,"column":21}},"6":{"start":{"line":72,"column":4},"end":{"line":79,"column":5}},"7":{"start":{"line":73,"column":8},"end":{"line":76,"column":11}},"8":{"start":{"line":78,"column":8},"end":{"line":78,"column":60}},"9":{"start":{"line":82,"column":0},"end":{"line":82,"column":51}}},"fnMap":{"0":{"name":"notFoundHandler","decl":{"start":{"line":38,"column":9},"end":{"line":38,"column":24}},"loc":{"start":{"line":38,"column":41},"end":{"line":51,"column":1}},"line":38},"1":{"name":"errorHandler","decl":{"start":{"line":64,"column":9},"end":{"line":64,"column":21}},"loc":{"start":{"line":64,"column":43},"end":{"line":80,"column":1}},"line":64}},"branchMap":{"0":{"loc":{"start":{"line":40,"column":4},"end":{"line":50,"column":5}},"type":"if","locations":[{"start":{"line":40,"column":4},"end":{"line":50,"column":5}},{"start":{"line":46,"column":11},"end":{"line":50,"column":5}}],"line":40},"1":{"loc":{"start":{"line":65,"column":28},"end":{"line":65,"column":52}},"type":"binary-expr","locations":[{"start":{"line":65,"column":28},"end":{"line":65,"column":37}},{"start":{"line":65,"column":41},"end":{"line":65,"column":52}}],"line":65},"2":{"loc":{"start":{"line":67,"column":23},"end":{"line":67,"column":44}},"type":"binary-expr","locations":[{"start":{"line":67,"column":23},"end":{"line":67,"column":37}},{"start":{"line":67,"column":41},"end":{"line":67,"column":44}}],"line":67},"3":{"loc":{"start":{"line":68,"column":20},"end":{"line":70,"column":21}},"type":"cond-expr","locations":[{"start":{"line":69,"column":10},"end":{"line":69,"column":40}},{"start":{"line":70,"column":10},"end":{"line":70,"column":21}}],"line":68},"4":{"loc":{"start":{"line":72,"column":4},"end":{"line":79,"column":5}},"type":"if","locations":[{"start":{"line":72,"column":4},"end":{"line":79,"column":5}},{"start":{"line":77,"column":11},"end":{"line":79,"column":5}}],"line":72},"5":{"loc":{"start":{"line":75,"column":16},"end":{"line":75,"column":77}},"type":"binary-expr","locations":[{"start":{"line":75,"column":16},"end":{"line":75,"column":53}},{"start":{"line":75,"column":57},"end":{"line":75,"column":77}}],"line":75}},"s":{"0":0,"1":0,"2":0,"3":0,"4":0,"5":0,"6":0,"7":0,"8":0,"9":1},"f":{"0":0,"1":0},"b":{"0":[0,0],"1":[0,0],"2":[0,0],"3":[0,0],"4":[0,0],"5":[0,0]},"_coverageSchema":"1a1c01bbd47fc00a2c39e90264f33305004495a9","hash":"4ef25b5239aea613ba402130b7cb4b7dd7723e92"}
,"C:\\s\\s_language\\tools\\sad-registry\\src\\middleware\\rate-limit.js": {"path":"C:\\s\\s_language\\tools\\sad-registry\\src\\middleware\\rate-limit.js","statementMap":{"0":{"start":{"line":32,"column":18},"end":{"line":32,"column":47}},"1":{"start":{"line":35,"column":23},"end":{"line":45,"column":2}},"2":{"start":{"line":50,"column":23},"end":{"line":58,"column":2}},"3":{"start":{"line":57,"column":27},"end":{"line":57,"column":49}},"4":{"start":{"line":63,"column":20},"end":{"line":70,"column":2}},"5":{"start":{"line":72,"column":0},"end":{"line":72,"column":65}}},"fnMap":{"0":{"name":"(anonymous_0)","decl":{"start":{"line":57,"column":18},"end":{"line":57,"column":19}},"loc":{"start":{"line":57,"column":27},"end":{"line":57,"column":49}},"line":57}},"branchMap":{"0":{"loc":{"start":{"line":36,"column":14},"end":{"line":36,"column":74}},"type":"binary-expr","locations":[{"start":{"line":36,"column":14},"end":{"line":36,"column":56}},{"start":{"line":36,"column":60},"end":{"line":36,"column":74}}],"line":36},"1":{"loc":{"start":{"line":37,"column":9},"end":{"line":37,"column":61}},"type":"binary-expr","locations":[{"start":{"line":37,"column":9},"end":{"line":37,"column":54}},{"start":{"line":37,"column":58},"end":{"line":37,"column":61}}],"line":37},"2":{"loc":{"start":{"line":52,"column":9},"end":{"line":52,"column":59}},"type":"binary-expr","locations":[{"start":{"line":52,"column":9},"end":{"line":52,"column":53}},{"start":{"line":52,"column":57},"end":{"line":52,"column":59}}],"line":52},"3":{"loc":{"start":{"line":57,"column":27},"end":{"line":57,"column":49}},"type":"binary-expr","locations":[{"start":{"line":57,"column":27},"end":{"line":57,"column":39}},{"start":{"line":57,"column":43},"end":{"line":57,"column":49}}],"line":57}},"s":{"0":1,"1":1,"2":1,"3":1,"4":1,"5":1},"f":{"0":1},"b":{"0":[1,1],"1":[1,1],"2":[1,1],"3":[1,0]},"_coverageSchema":"1a1c01bbd47fc00a2c39e90264f33305004495a9","hash":"c7866b831617a6ae2cccee87490c5162bd649a39"}
,"C:\\s\\s_language\\tools\\sad-registry\\src\\models\\database.js": {"path":"C:\\s\\s_language\\tools\\sad-registry\\src\\models\\database.js","statementMap":{"0":{"start":{"line":10,"column":17},"end":{"line":10,"column":42}},"1":{"start":{"line":11,"column":13},"end":{"line":11,"column":28}},"2":{"start":{"line":12,"column":11},"end":{"line":12,"column":24}},"3":{"start":{"line":14,"column":9},"end":{"line":14,"column":13}},"4":{"start":{"line":20,"column":25},"end":{"line":20,"column":78}},"5":{"start":{"line":23,"column":16},"end":{"line":23,"column":42}},"6":{"start":{"line":24,"column":4},"end":{"line":26,"column":5}},"7":{"start":{"line":25,"column":8},"end":{"line":25,"column":47}},"8":{"start":{"line":28,"column":4},"end":{"line":28,"column":36}},"9":{"start":{"line":31,"column":4},"end":{"line":31,"column":36}},"10":{"start":{"line":32,"column":4},"end":{"line":32,"column":35}},"11":{"start":{"line":33,"column":4},"end":{"line":33,"column":37}},"12":{"start":{"line":36,"column":4},"end":{"line":36,"column":19}},"13":{"start":{"line":38,"column":4},"end":{"line":38,"column":14}},"14":{"start":{"line":45,"column":4},"end":{"line":47,"column":5}},"15":{"start":{"line":46,"column":8},"end":{"line":46,"column":79}},"16":{"start":{"line":48,"column":4},"end":{"line":48,"column":14}},"17":{"start":{"line":55,"column":4},"end":{"line":192,"column":7}},"18":{"start":{"line":195,"column":27},"end":{"line":198,"column":6}},"19":{"start":{"line":200,"column":30},"end":{"line":217,"column":5}},"20":{"start":{"line":219,"column":23},"end":{"line":223,"column":6}},"21":{"start":{"line":220,"column":8},"end":{"line":222,"column":9}},"22":{"start":{"line":221,"column":12},"end":{"line":221,"column":39}},"23":{"start":{"line":224,"column":4},"end":{"line":224,"column":34}},"24":{"start":{"line":227,"column":0},"end":{"line":227,"column":47}}},"fnMap":{"0":{"name":"initDatabase","decl":{"start":{"line":19,"column":9},"end":{"line":19,"column":21}},"loc":{"start":{"line":19,"column":30},"end":{"line":39,"column":1}},"line":19},"1":{"name":"getDatabase","decl":{"start":{"line":44,"column":9},"end":{"line":44,"column":20}},"loc":{"start":{"line":44,"column":23},"end":{"line":49,"column":1}},"line":44},"2":{"name":"createTables","decl":{"start":{"line":54,"column":9},"end":{"line":54,"column":21}},"loc":{"start":{"line":54,"column":24},"end":{"line":225,"column":1}},"line":54},"3":{"name":"(anonymous_3)","decl":{"start":{"line":219,"column":38},"end":{"line":219,"column":39}},"loc":{"start":{"line":219,"column":54},"end":{"line":223,"column":5}},"line":219}},"branchMap":{"0":{"loc":{"start":{"line":20,"column":25},"end":{"line":20,"column":78}},"type":"binary-expr","locations":[{"start":{"line":20,"column":25},"end":{"line":20,"column":31}},{"start":{"line":20,"column":35},"end":{"line":20,"column":54}},{"start":{"line":20,"column":58},"end":{"line":20,"column":78}}],"line":20},"1":{"loc":{"start":{"line":24,"column":4},"end":{"line":26,"column":5}},"type":"if","locations":[{"start":{"line":24,"column":4},"end":{"line":26,"column":5}},{"start":{},"end":{}}],"line":24},"2":{"loc":{"start":{"line":45,"column":4},"end":{"line":47,"column":5}},"type":"if","locations":[{"start":{"line":45,"column":4},"end":{"line":47,"column":5}},{"start":{},"end":{}}],"line":45}},"s":{"0":1,"1":1,"2":1,"3":1,"4":1,"5":1,"6":1,"7":0,"8":1,"9":1,"10":1,"11":1,"12":1,"13":1,"14":0,"15":0,"16":0,"17":1,"18":1,"19":1,"20":1,"21":1,"22":16,"23":1,"24":1},"f":{"0":1,"1":0,"2":1,"3":1},"b":{"0":[1,0,0],"1":[0,1],"2":[0,0]},"_coverageSchema":"1a1c01bbd47fc00a2c39e90264f33305004495a9","hash":"0e26be4046136b648d0e17895f13bbd965a4c017"}
,"C:\\s\\s_language\\tools\\sad-registry\\src\\routes\\api.js": {"path":"C:\\s\\s_language\\tools\\sad-registry\\src\\routes\\api.js","statementMap":{"0":{"start":{"line":19,"column":16},"end":{"line":19,"column":34}},"1":{"start":{"line":20,"column":15},"end":{"line":20,"column":31}},"2":{"start":{"line":22,"column":23},"end":{"line":22,"column":44}},"3":{"start":{"line":23,"column":19},"end":{"line":23,"column":36}},"4":{"start":{"line":24,"column":19},"end":{"line":24,"column":36}},"5":{"start":{"line":25,"column":20},"end":{"line":25,"column":38}},"6":{"start":{"line":31,"column":0},"end":{"line":50,"column":3}},"7":{"start":{"line":32,"column":4},"end":{"line":49,"column":7}},"8":{"start":{"line":56,"column":0},"end":{"line":128,"column":3}},"9":{"start":{"line":57,"column":57},"end":{"line":57,"column":66}},"10":{"start":{"line":58,"column":15},"end":{"line":58,"column":32}},"11":{"start":{"line":59,"column":21},"end":{"line":59,"column":57}},"12":{"start":{"line":60,"column":22},"end":{"line":60,"column":43}},"13":{"start":{"line":64,"column":4},"end":{"line":94,"column":5}},"14":{"start":{"line":65,"column":8},"end":{"line":76,"column":10}},"15":{"start":{"line":77,"column":23},"end":{"line":77,"column":31}},"16":{"start":{"line":78,"column":26},"end":{"line":78,"column":43}},"17":{"start":{"line":79,"column":8},"end":{"line":79,"column":82}},"18":{"start":{"line":81,"column":8},"end":{"line":91,"column":10}},"19":{"start":{"line":92,"column":23},"end":{"line":92,"column":31}},"20":{"start":{"line":93,"column":8},"end":{"line":93,"column":71}},"21":{"start":{"line":96,"column":4},"end":{"line":127,"column":5}},"22":{"start":{"line":97,"column":25},"end":{"line":97,"column":57}},"23":{"start":{"line":100,"column":27},"end":{"line":104,"column":9}},"24":{"start":{"line":105,"column":23},"end":{"line":105,"column":31}},"25":{"start":{"line":106,"column":26},"end":{"line":106,"column":84}},"26":{"start":{"line":108,"column":8},"end":{"line":123,"column":11}},"27":{"start":{"line":109,"column":41},"end":{"line":119,"column":13}},"28":{"start":{"line":125,"column":8},"end":{"line":125,"column":69}},"29":{"start":{"line":126,"column":8},"end":{"line":126,"column":69}},"30":{"start":{"line":134,"column":0},"end":{"line":134,"column":40}},"31":{"start":{"line":135,"column":0},"end":{"line":135,"column":32}},"32":{"start":{"line":136,"column":0},"end":{"line":136,"column":32}},"33":{"start":{"line":137,"column":0},"end":{"line":137,"column":34}},"34":{"start":{"line":139,"column":0},"end":{"line":139,"column":24}}},"fnMap":{"0":{"name":"(anonymous_0)","decl":{"start":{"line":31,"column":16},"end":{"line":31,"column":17}},"loc":{"start":{"line":31,"column":30},"end":{"line":50,"column":1}},"line":31},"1":{"name":"(anonymous_1)","decl":{"start":{"line":56,"column":22},"end":{"line":56,"column":23}},"loc":{"start":{"line":56,"column":36},"end":{"line":128,"column":1}},"line":56},"2":{"name":"(anonymous_2)","decl":{"start":{"line":109,"column":35},"end":{"line":109,"column":36}},"loc":{"start":{"line":109,"column":41},"end":{"line":119,"column":13}},"line":109}},"branchMap":{"0":{"loc":{"start":{"line":57,"column":12},"end":{"line":57,"column":18}},"type":"default-arg","locations":[{"start":{"line":57,"column":16},"end":{"line":57,"column":18}}],"line":57},"1":{"loc":{"start":{"line":57,"column":20},"end":{"line":57,"column":30}},"type":"default-arg","locations":[{"start":{"line":57,"column":28},"end":{"line":57,"column":30}}],"line":57},"2":{"loc":{"start":{"line":57,"column":32},"end":{"line":57,"column":42}},"type":"default-arg","locations":[{"start":{"line":57,"column":41},"end":{"line":57,"column":42}}],"line":57},"3":{"loc":{"start":{"line":59,"column":30},"end":{"line":59,"column":51}},"type":"binary-expr","locations":[{"start":{"line":59,"column":30},"end":{"line":59,"column":45}},{"start":{"line":59,"column":49},"end":{"line":59,"column":51}}],"line":59},"4":{"loc":{"start":{"line":60,"column":22},"end":{"line":60,"column":43}},"type":"binary-expr","locations":[{"start":{"line":60,"column":22},"end":{"line":60,"column":38}},{"start":{"line":60,"column":42},"end":{"line":60,"column":43}}],"line":60},"5":{"loc":{"start":{"line":64,"column":4},"end":{"line":94,"column":5}},"type":"if","locations":[{"start":{"line":64,"column":4},"end":{"line":94,"column":5}},{"start":{"line":80,"column":11},"end":{"line":94,"column":5}}],"line":64},"6":{"loc":{"start":{"line":116,"column":37},"end":{"line":116,"column":55}},"type":"binary-expr","locations":[{"start":{"line":116,"column":37},"end":{"line":116,"column":47}},{"start":{"line":116,"column":51},"end":{"line":116,"column":55}}],"line":116}},"s":{"0":1,"1":1,"2":1,"3":1,"4":1,"5":1,"6":1,"7":1,"8":1,"9":2,"10":2,"11":2,"12":2,"13":2,"14":0,"15":0,"16":0,"17":0,"18":2,"19":2,"20":2,"21":2,"22":2,"23":2,"24":2,"25":2,"26":2,"27":0,"28":0,"29":0,"30":1,"31":1,"32":1,"33":1,"34":1},"f":{"0":1,"1":2,"2":0},"b":{"0":[1],"1":[2],"2":[2],"3":[2,0],"4":[2,2],"5":[0,2],"6":[0,0]},"_coverageSchema":"1a1c01bbd47fc00a2c39e90264f33305004495a9","hash":"c9e8ed290139ee7d087f844f7da01dd793ab7d66"}
,"C:\\s\\s_language\\tools\\sad-registry\\src\\routes\\auth.js": {"path":"C:\\s\\s_language\\tools\\sad-registry\\src\\routes\\auth.js","statementMap":{"0":{"start":{"line":7,"column":16},"end":{"line":7,"column":34}},"1":{"start":{"line":8,"column":15},"end":{"line":8,"column":31}},"2":{"start":{"line":9,"column":15},"end":{"line":9,"column":34}},"3":{"start":{"line":10,"column":12},"end":{"line":10,"column":35}},"4":{"start":{"line":11,"column":15},"end":{"line":11,"column":32}},"5":{"start":{"line":12,"column":35},"end":{"line":12,"column":63}},"6":{"start":{"line":14,"column":19},"end":{"line":14,"column":74}},"7":{"start":{"line":15,"column":19},"end":{"line":15,"column":50}},"8":{"start":{"line":16,"column":22},"end":{"line":16,"column":63}},"9":{"start":{"line":22,"column":0},"end":{"line":96,"column":3}},"10":{"start":{"line":35,"column":19},"end":{"line":35,"column":40}},"11":{"start":{"line":36,"column":4},"end":{"line":41,"column":5}},"12":{"start":{"line":37,"column":8},"end":{"line":40,"column":11}},"13":{"start":{"line":43,"column":56},"end":{"line":43,"column":64}},"14":{"start":{"line":44,"column":15},"end":{"line":44,"column":32}},"15":{"start":{"line":46,"column":4},"end":{"line":95,"column":5}},"16":{"start":{"line":48,"column":25},"end":{"line":50,"column":30}},"17":{"start":{"line":52,"column":8},"end":{"line":57,"column":9}},"18":{"start":{"line":53,"column":12},"end":{"line":56,"column":15}},"19":{"start":{"line":60,"column":29},"end":{"line":60,"column":71}},"20":{"start":{"line":63,"column":25},"end":{"line":63,"column":72}},"21":{"start":{"line":66,"column":23},"end":{"line":69,"column":81}},"22":{"start":{"line":72,"column":22},"end":{"line":76,"column":9}},"23":{"start":{"line":78,"column":8},"end":{"line":90,"column":11}},"24":{"start":{"line":93,"column":8},"end":{"line":93,"column":56}},"25":{"start":{"line":94,"column":8},"end":{"line":94,"column":77}},"26":{"start":{"line":102,"column":0},"end":{"line":160,"column":3}},"27":{"start":{"line":106,"column":19},"end":{"line":106,"column":40}},"28":{"start":{"line":107,"column":4},"end":{"line":109,"column":5}},"29":{"start":{"line":108,"column":8},"end":{"line":108,"column":92}},"30":{"start":{"line":111,"column":35},"end":{"line":111,"column":43}},"31":{"start":{"line":112,"column":15},"end":{"line":112,"column":32}},"32":{"start":{"line":114,"column":4},"end":{"line":159,"column":5}},"33":{"start":{"line":116,"column":21},"end":{"line":118,"column":33}},"34":{"start":{"line":120,"column":8},"end":{"line":125,"column":9}},"35":{"start":{"line":121,"column":12},"end":{"line":124,"column":15}},"36":{"start":{"line":128,"column":24},"end":{"line":128,"column":74}},"37":{"start":{"line":129,"column":8},"end":{"line":134,"column":9}},"38":{"start":{"line":130,"column":12},"end":{"line":133,"column":15}},"39":{"start":{"line":137,"column":22},"end":{"line":141,"column":9}},"40":{"start":{"line":143,"column":8},"end":{"line":154,"column":11}},"41":{"start":{"line":157,"column":8},"end":{"line":157,"column":61}},"42":{"start":{"line":158,"column":8},"end":{"line":158,"column":75}},"43":{"start":{"line":166,"column":0},"end":{"line":198,"column":3}},"44":{"start":{"line":170,"column":23},"end":{"line":170,"column":48}},"45":{"start":{"line":171,"column":4},"end":{"line":173,"column":5}},"46":{"start":{"line":172,"column":8},"end":{"line":172,"column":69}},"47":{"start":{"line":175,"column":4},"end":{"line":197,"column":5}},"48":{"start":{"line":176,"column":24},"end":{"line":176,"column":72}},"49":{"start":{"line":177,"column":33},"end":{"line":177,"column":41}},"50":{"start":{"line":178,"column":19},"end":{"line":178,"column":36}},"51":{"start":{"line":180,"column":25},"end":{"line":180,"column":72}},"52":{"start":{"line":181,"column":26},"end":{"line":181,"column":84}},"53":{"start":{"line":183,"column":8},"end":{"line":186,"column":83}},"54":{"start":{"line":188,"column":8},"end":{"line":193,"column":11}},"55":{"start":{"line":196,"column":8},"end":{"line":196,"column":72}},"56":{"start":{"line":200,"column":0},"end":{"line":200,"column":24}}},"fnMap":{"0":{"name":"(anonymous_0)","decl":{"start":{"line":34,"column":3},"end":{"line":34,"column":4}},"loc":{"start":{"line":34,"column":23},"end":{"line":96,"column":1}},"line":34},"1":{"name":"(anonymous_1)","decl":{"start":{"line":105,"column":3},"end":{"line":105,"column":4}},"loc":{"start":{"line":105,"column":23},"end":{"line":160,"column":1}},"line":105},"2":{"name":"(anonymous_2)","decl":{"start":{"line":168,"column":3},"end":{"line":168,"column":4}},"loc":{"start":{"line":168,"column":23},"end":{"line":198,"column":1}},"line":168}},"branchMap":{"0":{"loc":{"start":{"line":14,"column":19},"end":{"line":14,"column":74}},"type":"binary-expr","locations":[{"start":{"line":14,"column":19},"end":{"line":14,"column":41}},{"start":{"line":14,"column":45},"end":{"line":14,"column":74}}],"line":14},"1":{"loc":{"start":{"line":15,"column":19},"end":{"line":15,"column":50}},"type":"binary-expr","locations":[{"start":{"line":15,"column":19},"end":{"line":15,"column":41}},{"start":{"line":15,"column":45},"end":{"line":15,"column":50}}],"line":15},"2":{"loc":{"start":{"line":16,"column":22},"end":{"line":16,"column":63}},"type":"binary-expr","locations":[{"start":{"line":16,"column":22},"end":{"line":16,"column":57}},{"start":{"line":16,"column":61},"end":{"line":16,"column":63}}],"line":16},"3":{"loc":{"start":{"line":36,"column":4},"end":{"line":41,"column":5}},"type":"if","locations":[{"start":{"line":36,"column":4},"end":{"line":41,"column":5}},{"start":{},"end":{}}],"line":36},"4":{"loc":{"start":{"line":52,"column":8},"end":{"line":57,"column":9}},"type":"if","locations":[{"start":{"line":52,"column":8},"end":{"line":57,"column":9}},{"start":{},"end":{}}],"line":52},"5":{"loc":{"start":{"line":69,"column":46},"end":{"line":69,"column":70}},"type":"binary-expr","locations":[{"start":{"line":69,"column":46},"end":{"line":69,"column":58}},{"start":{"line":69,"column":62},"end":{"line":69,"column":70}}],"line":69},"6":{"loc":{"start":{"line":86,"column":30},"end":{"line":86,"column":54}},"type":"binary-expr","locations":[{"start":{"line":86,"column":30},"end":{"line":86,"column":42}},{"start":{"line":86,"column":46},"end":{"line":86,"column":54}}],"line":86},"7":{"loc":{"start":{"line":107,"column":4},"end":{"line":109,"column":5}},"type":"if","locations":[{"start":{"line":107,"column":4},"end":{"line":109,"column":5}},{"start":{},"end":{}}],"line":107},"8":{"loc":{"start":{"line":120,"column":8},"end":{"line":125,"column":9}},"type":"if","locations":[{"start":{"line":120,"column":8},"end":{"line":125,"column":9}},{"start":{},"end":{}}],"line":120},"9":{"loc":{"start":{"line":129,"column":8},"end":{"line":134,"column":9}},"type":"if","locations":[{"start":{"line":129,"column":8},"end":{"line":134,"column":9}},{"start":{},"end":{}}],"line":129},"10":{"loc":{"start":{"line":145,"column":38},"end":{"line":145,"column":72}},"type":"binary-expr","locations":[{"start":{"line":145,"column":38},"end":{"line":145,"column":55}},{"start":{"line":145,"column":59},"end":{"line":145,"column":72}}],"line":145},"11":{"loc":{"start":{"line":171,"column":4},"end":{"line":173,"column":5}},"type":"if","locations":[{"start":{"line":171,"column":4},"end":{"line":173,"column":5}},{"start":{},"end":{}}],"line":171},"12":{"loc":{"start":{"line":171,"column":8},"end":{"line":171,"column":56}},"type":"binary-expr","locations":[{"start":{"line":171,"column":8},"end":{"line":171,"column":19}},{"start":{"line":171,"column":23},"end":{"line":171,"column":56}}],"line":171},"13":{"loc":{"start":{"line":186,"column":59},"end":{"line":186,"column":80}},"type":"binary-expr","locations":[{"start":{"line":186,"column":59},"end":{"line":186,"column":65}},{"start":{"line":186,"column":69},"end":{"line":186,"column":80}}],"line":186}},"s":{"0":1,"1":1,"2":1,"3":1,"4":1,"5":1,"6":1,"7":1,"8":1,"9":1,"10":3,"11":3,"12":1,"13":2,"14":2,"15":2,"16":2,"17":2,"18":1,"19":1,"20":1,"21":1,"22":1,"23":1,"24":0,"25":0,"26":1,"27":2,"28":2,"29":0,"30":2,"31":2,"32":2,"33":2,"34":2,"35":0,"36":2,"37":2,"38":1,"39":1,"40":1,"41":0,"42":0,"43":1,"44":0,"45":0,"46":0,"47":0,"48":0,"49":0,"50":0,"51":0,"52":0,"53":0,"54":0,"55":0,"56":1},"f":{"0":3,"1":2,"2":0},"b":{"0":[1,0],"1":[1,1],"2":[1,1],"3":[1,2],"4":[1,1],"5":[1,0],"6":[1,0],"7":[0,2],"8":[0,2],"9":[1,1],"10":[1,0],"11":[0,0],"12":[0,0],"13":[0,0]},"_coverageSchema":"1a1c01bbd47fc00a2c39e90264f33305004495a9","hash":"cbc474795486c6cb1b9aab88d9371e70896291cb"}
,"C:\\s\\s_language\\tools\\sad-registry\\src\\routes\\packages.js": {"path":"C:\\s\\s_language\\tools\\sad-registry\\src\\routes\\packages.js","statementMap":{"0":{"start":{"line":9,"column":16},"end":{"line":9,"column":34}},"1":{"start":{"line":10,"column":15},"end":{"line":10,"column":31}},"2":{"start":{"line":11,"column":15},"end":{"line":11,"column":32}},"3":{"start":{"line":12,"column":13},"end":{"line":12,"column":28}},"4":{"start":{"line":13,"column":11},"end":{"line":13,"column":24}},"5":{"start":{"line":14,"column":15},"end":{"line":14,"column":32}},"6":{"start":{"line":15,"column":15},"end":{"line":15,"column":32}},"7":{"start":{"line":16,"column":12},"end":{"line":16,"column":26}},"8":{"start":{"line":18,"column":39},"end":{"line":18,"column":68}},"9":{"start":{"line":19,"column":27},"end":{"line":19,"column":62}},"10":{"start":{"line":20,"column":49},"end":{"line":20,"column":79}},"11":{"start":{"line":26,"column":16},"end":{"line":38,"column":2}},"12":{"start":{"line":28,"column":23},"end":{"line":28,"column":90}},"13":{"start":{"line":29,"column":8},"end":{"line":31,"column":9}},"14":{"start":{"line":30,"column":12},"end":{"line":30,"column":54}},"15":{"start":{"line":32,"column":8},"end":{"line":32,"column":25}},"16":{"start":{"line":35,"column":27},"end":{"line":35,"column":117}},"17":{"start":{"line":36,"column":8},"end":{"line":36,"column":29}},"18":{"start":{"line":40,"column":15},"end":{"line":55,"column":2}},"19":{"start":{"line":46,"column":24},"end":{"line":46,"column":51}},"20":{"start":{"line":47,"column":20},"end":{"line":47,"column":65}},"21":{"start":{"line":49,"column":8},"end":{"line":53,"column":9}},"22":{"start":{"line":50,"column":12},"end":{"line":50,"column":27}},"23":{"start":{"line":52,"column":12},"end":{"line":52,"column":86}},"24":{"start":{"line":61,"column":0},"end":{"line":122,"column":3}},"25":{"start":{"line":62,"column":21},"end":{"line":62,"column":31}},"26":{"start":{"line":63,"column":15},"end":{"line":63,"column":32}},"27":{"start":{"line":65,"column":4},"end":{"line":121,"column":5}},"28":{"start":{"line":66,"column":20},"end":{"line":71,"column":20}},"29":{"start":{"line":73,"column":8},"end":{"line":78,"column":9}},"30":{"start":{"line":74,"column":12},"end":{"line":77,"column":15}},"31":{"start":{"line":81,"column":25},"end":{"line":86,"column":22}},"32":{"start":{"line":89,"column":23},"end":{"line":94,"column":22}},"33":{"start":{"line":96,"column":8},"end":{"line":117,"column":11}},"34":{"start":{"line":109,"column":41},"end":{"line":114,"column":13}},"35":{"start":{"line":119,"column":8},"end":{"line":119,"column":59}},"36":{"start":{"line":120,"column":8},"end":{"line":120,"column":72}},"37":{"start":{"line":128,"column":0},"end":{"line":151,"column":3}},"38":{"start":{"line":129,"column":21},"end":{"line":129,"column":31}},"39":{"start":{"line":130,"column":15},"end":{"line":130,"column":32}},"40":{"start":{"line":132,"column":4},"end":{"line":150,"column":5}},"41":{"start":{"line":133,"column":20},"end":{"line":133,"column":82}},"42":{"start":{"line":134,"column":8},"end":{"line":136,"column":9}},"43":{"start":{"line":135,"column":12},"end":{"line":135,"column":81}},"44":{"start":{"line":138,"column":25},"end":{"line":142,"column":22}},"45":{"start":{"line":144,"column":8},"end":{"line":146,"column":11}},"46":{"start":{"line":145,"column":40},"end":{"line":145,"column":49}},"47":{"start":{"line":148,"column":8},"end":{"line":148,"column":62}},"48":{"start":{"line":149,"column":8},"end":{"line":149,"column":72}},"49":{"start":{"line":157,"column":0},"end":{"line":197,"column":3}},"50":{"start":{"line":158,"column":30},"end":{"line":158,"column":40}},"51":{"start":{"line":159,"column":15},"end":{"line":159,"column":32}},"52":{"start":{"line":161,"column":4},"end":{"line":196,"column":5}},"53":{"start":{"line":162,"column":23},"end":{"line":167,"column":29}},"54":{"start":{"line":169,"column":8},"end":{"line":174,"column":9}},"55":{"start":{"line":170,"column":12},"end":{"line":173,"column":15}},"56":{"start":{"line":176,"column":8},"end":{"line":192,"column":11}},"57":{"start":{"line":194,"column":8},"end":{"line":194,"column":60}},"58":{"start":{"line":195,"column":8},"end":{"line":195,"column":72}},"59":{"start":{"line":203,"column":0},"end":{"line":253,"column":3}},"60":{"start":{"line":204,"column":30},"end":{"line":204,"column":40}},"61":{"start":{"line":205,"column":15},"end":{"line":205,"column":32}},"62":{"start":{"line":207,"column":4},"end":{"line":252,"column":5}},"63":{"start":{"line":208,"column":23},"end":{"line":213,"column":29}},"64":{"start":{"line":215,"column":8},"end":{"line":220,"column":9}},"65":{"start":{"line":216,"column":12},"end":{"line":219,"column":15}},"66":{"start":{"line":222,"column":25},"end":{"line":222,"column":58}},"67":{"start":{"line":223,"column":8},"end":{"line":225,"column":9}},"68":{"start":{"line":224,"column":12},"end":{"line":224,"column":101}},"69":{"start":{"line":228,"column":8},"end":{"line":228,"column":96}},"70":{"start":{"line":229,"column":8},"end":{"line":232,"column":26}},"71":{"start":{"line":235,"column":8},"end":{"line":238,"column":63}},"72":{"start":{"line":241,"column":8},"end":{"line":243,"column":9}},"73":{"start":{"line":242,"column":12},"end":{"line":242,"column":65}},"74":{"start":{"line":245,"column":8},"end":{"line":245,"column":52}},"75":{"start":{"line":246,"column":8},"end":{"line":246,"column":91}},"76":{"start":{"line":247,"column":8},"end":{"line":247,"column":31}},"77":{"start":{"line":250,"column":8},"end":{"line":250,"column":56}},"78":{"start":{"line":251,"column":8},"end":{"line":251,"column":75}},"79":{"start":{"line":259,"column":0},"end":{"line":428,"column":3}},"80":{"start":{"line":260,"column":15},"end":{"line":260,"column":32}},"81":{"start":{"line":261,"column":19},"end":{"line":261,"column":30}},"82":{"start":{"line":263,"column":4},"end":{"line":427,"column":5}},"83":{"start":{"line":265,"column":8},"end":{"line":267,"column":9}},"84":{"start":{"line":266,"column":12},"end":{"line":266,"column":103}},"85":{"start":{"line":271,"column":8},"end":{"line":276,"column":9}},"86":{"start":{"line":272,"column":12},"end":{"line":272,"column":61}},"87":{"start":{"line":275,"column":12},"end":{"line":275,"column":96}},"88":{"start":{"line":280,"column":71},"end":{"line":280,"column":79}},"89":{"start":{"line":283,"column":8},"end":{"line":286,"column":9}},"90":{"start":{"line":284,"column":12},"end":{"line":284,"column":39}},"91":{"start":{"line":285,"column":12},"end":{"line":285,"column":105}},"92":{"start":{"line":288,"column":8},"end":{"line":294,"column":9}},"93":{"start":{"line":289,"column":12},"end":{"line":289,"column":39}},"94":{"start":{"line":290,"column":12},"end":{"line":293,"column":15}},"95":{"start":{"line":296,"column":30},"end":{"line":296,"column":69}},"96":{"start":{"line":297,"column":8},"end":{"line":300,"column":9}},"97":{"start":{"line":298,"column":12},"end":{"line":298,"column":39}},"98":{"start":{"line":299,"column":12},"end":{"line":299,"column":102}},"99":{"start":{"line":303,"column":18},"end":{"line":303,"column":79}},"100":{"start":{"line":305,"column":8},"end":{"line":357,"column":9}},"101":{"start":{"line":307,"column":28},"end":{"line":309,"column":34}},"102":{"start":{"line":311,"column":12},"end":{"line":317,"column":13}},"103":{"start":{"line":312,"column":16},"end":{"line":312,"column":43}},"104":{"start":{"line":313,"column":16},"end":{"line":316,"column":19}},"105":{"start":{"line":320,"column":36},"end":{"line":322,"column":38}},"106":{"start":{"line":324,"column":12},"end":{"line":330,"column":13}},"107":{"start":{"line":325,"column":16},"end":{"line":325,"column":43}},"108":{"start":{"line":326,"column":16},"end":{"line":329,"column":19}},"109":{"start":{"line":333,"column":27},"end":{"line":349,"column":13}},"110":{"start":{"line":351,"column":12},"end":{"line":351,"column":49}},"111":{"start":{"line":354,"column":12},"end":{"line":356,"column":35}},"112":{"start":{"line":360,"column":27},"end":{"line":360,"column":57}},"113":{"start":{"line":361,"column":25},"end":{"line":361,"column":85}},"114":{"start":{"line":364,"column":28},"end":{"line":364,"column":76}},"115":{"start":{"line":365,"column":27},"end":{"line":365,"column":67}},"116":{"start":{"line":366,"column":8},"end":{"line":368,"column":9}},"117":{"start":{"line":367,"column":12},"end":{"line":367,"column":58}},"118":{"start":{"line":369,"column":28},"end":{"line":369,"column":81}},"119":{"start":{"line":370,"column":8},"end":{"line":370,"column":50}},"120":{"start":{"line":373,"column":19},"end":{"line":373,"column":58}},"121":{"start":{"line":376,"column":8},"end":{"line":398,"column":10}},"122":{"start":{"line":401,"column":28},"end":{"line":404,"column":22}},"123":{"start":{"line":406,"column":8},"end":{"line":409,"column":9}},"124":{"start":{"line":407,"column":12},"end":{"line":408,"column":50}},"125":{"start":{"line":411,"column":8},"end":{"line":421,"column":11}},"126":{"start":{"line":424,"column":8},"end":{"line":424,"column":49}},"127":{"start":{"line":424,"column":22},"end":{"line":424,"column":49}},"128":{"start":{"line":425,"column":8},"end":{"line":425,"column":54}},"129":{"start":{"line":426,"column":8},"end":{"line":426,"column":88}},"130":{"start":{"line":434,"column":0},"end":{"line":481,"column":3}},"131":{"start":{"line":435,"column":30},"end":{"line":435,"column":40}},"132":{"start":{"line":436,"column":15},"end":{"line":436,"column":32}},"133":{"start":{"line":437,"column":19},"end":{"line":437,"column":30}},"134":{"start":{"line":439,"column":4},"end":{"line":480,"column":5}},"135":{"start":{"line":440,"column":20},"end":{"line":440,"column":82}},"136":{"start":{"line":441,"column":8},"end":{"line":443,"column":9}},"137":{"start":{"line":442,"column":12},"end":{"line":442,"column":72}},"138":{"start":{"line":446,"column":24},"end":{"line":448,"column":30}},"139":{"start":{"line":449,"column":24},"end":{"line":449,"column":41}},"140":{"start":{"line":451,"column":8},"end":{"line":453,"column":9}},"141":{"start":{"line":452,"column":12},"end":{"line":452,"column":86}},"142":{"start":{"line":455,"column":23},"end":{"line":457,"column":31}},"143":{"start":{"line":459,"column":8},"end":{"line":461,"column":9}},"144":{"start":{"line":460,"column":12},"end":{"line":460,"column":72}},"145":{"start":{"line":464,"column":23},"end":{"line":467,"column":22}},"146":{"start":{"line":469,"column":8},"end":{"line":470,"column":57}},"147":{"start":{"line":472,"column":8},"end":{"line":476,"column":11}},"148":{"start":{"line":478,"column":8},"end":{"line":478,"column":54}},"149":{"start":{"line":479,"column":8},"end":{"line":479,"column":57}},"150":{"start":{"line":488,"column":4},"end":{"line":494,"column":5}},"151":{"start":{"line":489,"column":8},"end":{"line":491,"column":9}},"152":{"start":{"line":490,"column":12},"end":{"line":490,"column":36}},"153":{"start":{"line":493,"column":8},"end":{"line":493,"column":61}},"154":{"start":{"line":497,"column":0},"end":{"line":497,"column":24}}},"fnMap":{"0":{"name":"(anonymous_0)","decl":{"start":{"line":27,"column":17},"end":{"line":27,"column":18}},"loc":{"start":{"line":27,"column":36},"end":{"line":33,"column":5}},"line":27},"1":{"name":"(anonymous_1)","decl":{"start":{"line":34,"column":14},"end":{"line":34,"column":15}},"loc":{"start":{"line":34,"column":33},"end":{"line":37,"column":5}},"line":34},"2":{"name":"(anonymous_2)","decl":{"start":{"line":45,"column":16},"end":{"line":45,"column":17}},"loc":{"start":{"line":45,"column":35},"end":{"line":54,"column":5}},"line":45},"3":{"name":"(anonymous_3)","decl":{"start":{"line":61,"column":21},"end":{"line":61,"column":22}},"loc":{"start":{"line":61,"column":35},"end":{"line":122,"column":1}},"line":61},"4":{"name":"(anonymous_4)","decl":{"start":{"line":109,"column":35},"end":{"line":109,"column":36}},"loc":{"start":{"line":109,"column":41},"end":{"line":114,"column":13}},"line":109},"5":{"name":"(anonymous_5)","decl":{"start":{"line":128,"column":30},"end":{"line":128,"column":31}},"loc":{"start":{"line":128,"column":44},"end":{"line":151,"column":1}},"line":128},"6":{"name":"(anonymous_6)","decl":{"start":{"line":145,"column":35},"end":{"line":145,"column":36}},"loc":{"start":{"line":145,"column":40},"end":{"line":145,"column":49}},"line":145},"7":{"name":"(anonymous_7)","decl":{"start":{"line":157,"column":30},"end":{"line":157,"column":31}},"loc":{"start":{"line":157,"column":44},"end":{"line":197,"column":1}},"line":157},"8":{"name":"(anonymous_8)","decl":{"start":{"line":203,"column":39},"end":{"line":203,"column":40}},"loc":{"start":{"line":203,"column":53},"end":{"line":253,"column":1}},"line":203},"9":{"name":"(anonymous_9)","decl":{"start":{"line":259,"column":80},"end":{"line":259,"column":81}},"loc":{"start":{"line":259,"column":100},"end":{"line":428,"column":1}},"line":259},"10":{"name":"(anonymous_10)","decl":{"start":{"line":434,"column":52},"end":{"line":434,"column":53}},"loc":{"start":{"line":434,"column":66},"end":{"line":481,"column":1}},"line":434},"11":{"name":"cleanupFile","decl":{"start":{"line":487,"column":9},"end":{"line":487,"column":20}},"loc":{"start":{"line":487,"column":31},"end":{"line":495,"column":1}},"line":487}},"branchMap":{"0":{"loc":{"start":{"line":28,"column":33},"end":{"line":28,"column":81}},"type":"binary-expr","locations":[{"start":{"line":28,"column":33},"end":{"line":28,"column":57}},{"start":{"line":28,"column":61},"end":{"line":28,"column":81}}],"line":28},"1":{"loc":{"start":{"line":29,"column":8},"end":{"line":31,"column":9}},"type":"if","locations":[{"start":{"line":29,"column":8},"end":{"line":31,"column":9}},{"start":{},"end":{}}],"line":29},"2":{"loc":{"start":{"line":49,"column":8},"end":{"line":53,"column":9}},"type":"if","locations":[{"start":{"line":49,"column":8},"end":{"line":53,"column":9}},{"start":{"line":51,"column":15},"end":{"line":53,"column":9}}],"line":49},"3":{"loc":{"start":{"line":49,"column":12},"end":{"line":49,"column":74}},"type":"binary-expr","locations":[{"start":{"line":49,"column":12},"end":{"line":49,"column":49}},{"start":{"line":49,"column":53},"end":{"line":49,"column":74}}],"line":49},"4":{"loc":{"start":{"line":73,"column":8},"end":{"line":78,"column":9}},"type":"if","locations":[{"start":{"line":73,"column":8},"end":{"line":78,"column":9}},{"start":{},"end":{}}],"line":73},"5":{"loc":{"start":{"line":104,"column":33},"end":{"line":104,"column":53}},"type":"binary-expr","locations":[{"start":{"line":104,"column":33},"end":{"line":104,"column":45}},{"start":{"line":104,"column":49},"end":{"line":104,"column":53}}],"line":104},"6":{"loc":{"start":{"line":105,"column":35},"end":{"line":105,"column":57}},"type":"binary-expr","locations":[{"start":{"line":105,"column":35},"end":{"line":105,"column":49}},{"start":{"line":105,"column":53},"end":{"line":105,"column":57}}],"line":105},"7":{"loc":{"start":{"line":134,"column":8},"end":{"line":136,"column":9}},"type":"if","locations":[{"start":{"line":134,"column":8},"end":{"line":136,"column":9}},{"start":{},"end":{}}],"line":134},"8":{"loc":{"start":{"line":169,"column":8},"end":{"line":174,"column":9}},"type":"if","locations":[{"start":{"line":169,"column":8},"end":{"line":174,"column":9}},{"start":{},"end":{}}],"line":169},"9":{"loc":{"start":{"line":180,"column":32},"end":{"line":180,"column":54}},"type":"binary-expr","locations":[{"start":{"line":180,"column":32},"end":{"line":180,"column":46}},{"start":{"line":180,"column":50},"end":{"line":180,"column":54}}],"line":180},"10":{"loc":{"start":{"line":184,"column":37},"end":{"line":184,"column":64}},"type":"binary-expr","locations":[{"start":{"line":184,"column":37},"end":{"line":184,"column":56}},{"start":{"line":184,"column":60},"end":{"line":184,"column":64}}],"line":184},"11":{"loc":{"start":{"line":185,"column":41},"end":{"line":185,"column":72}},"type":"binary-expr","locations":[{"start":{"line":185,"column":41},"end":{"line":185,"column":64}},{"start":{"line":185,"column":68},"end":{"line":185,"column":72}}],"line":185},"12":{"loc":{"start":{"line":186,"column":43},"end":{"line":186,"column":76}},"type":"binary-expr","locations":[{"start":{"line":186,"column":43},"end":{"line":186,"column":68}},{"start":{"line":186,"column":72},"end":{"line":186,"column":76}}],"line":186},"13":{"loc":{"start":{"line":215,"column":8},"end":{"line":220,"column":9}},"type":"if","locations":[{"start":{"line":215,"column":8},"end":{"line":220,"column":9}},{"start":{},"end":{}}],"line":215},"14":{"loc":{"start":{"line":215,"column":12},"end":{"line":215,"column":43}},"type":"binary-expr","locations":[{"start":{"line":215,"column":12},"end":{"line":215,"column":19}},{"start":{"line":215,"column":23},"end":{"line":215,"column":43}}],"line":215},"15":{"loc":{"start":{"line":223,"column":8},"end":{"line":225,"column":9}},"type":"if","locations":[{"start":{"line":223,"column":8},"end":{"line":225,"column":9}},{"start":{},"end":{}}],"line":223},"16":{"loc":{"start":{"line":238,"column":34},"end":{"line":238,"column":61}},"type":"binary-expr","locations":[{"start":{"line":238,"column":34},"end":{"line":238,"column":55}},{"start":{"line":238,"column":59},"end":{"line":238,"column":61}}],"line":238},"17":{"loc":{"start":{"line":241,"column":8},"end":{"line":243,"column":9}},"type":"if","locations":[{"start":{"line":241,"column":8},"end":{"line":243,"column":9}},{"start":{},"end":{}}],"line":241},"18":{"loc":{"start":{"line":265,"column":8},"end":{"line":267,"column":9}},"type":"if","locations":[{"start":{"line":265,"column":8},"end":{"line":267,"column":9}},{"start":{},"end":{}}],"line":265},"19":{"loc":{"start":{"line":272,"column":34},"end":{"line":272,"column":59}},"type":"binary-expr","locations":[{"start":{"line":272,"column":34},"end":{"line":272,"column":51}},{"start":{"line":272,"column":55},"end":{"line":272,"column":59}}],"line":272},"20":{"loc":{"start":{"line":283,"column":8},"end":{"line":286,"column":9}},"type":"if","locations":[{"start":{"line":283,"column":8},"end":{"line":286,"column":9}},{"start":{},"end":{}}],"line":283},"21":{"loc":{"start":{"line":283,"column":12},"end":{"line":283,"column":32}},"type":"binary-expr","locations":[{"start":{"line":283,"column":12},"end":{"line":283,"column":17}},{"start":{"line":283,"column":21},"end":{"line":283,"column":32}}],"line":283},"22":{"loc":{"start":{"line":288,"column":8},"end":{"line":294,"column":9}},"type":"if","locations":[{"start":{"line":288,"column":8},"end":{"line":294,"column":9}},{"start":{},"end":{}}],"line":288},"23":{"loc":{"start":{"line":297,"column":8},"end":{"line":300,"column":9}},"type":"if","locations":[{"start":{"line":297,"column":8},"end":{"line":300,"column":9}},{"start":{},"end":{}}],"line":297},"24":{"loc":{"start":{"line":305,"column":8},"end":{"line":357,"column":9}},"type":"if","locations":[{"start":{"line":305,"column":8},"end":{"line":357,"column":9}},{"start":{"line":331,"column":15},"end":{"line":357,"column":9}}],"line":305},"25":{"loc":{"start":{"line":311,"column":12},"end":{"line":317,"column":13}},"type":"if","locations":[{"start":{"line":311,"column":12},"end":{"line":317,"column":13}},{"start":{},"end":{}}],"line":311},"26":{"loc":{"start":{"line":311,"column":16},"end":{"line":311,"column":51}},"type":"binary-expr","locations":[{"start":{"line":311,"column":16},"end":{"line":311,"column":24}},{"start":{"line":311,"column":28},"end":{"line":311,"column":51}}],"line":311},"27":{"loc":{"start":{"line":324,"column":12},"end":{"line":330,"column":13}},"type":"if","locations":[{"start":{"line":324,"column":12},"end":{"line":330,"column":13}},{"start":{},"end":{}}],"line":324},"28":{"loc":{"start":{"line":339,"column":16},"end":{"line":339,"column":33}},"type":"binary-expr","locations":[{"start":{"line":339,"column":16},"end":{"line":339,"column":27}},{"start":{"line":339,"column":31},"end":{"line":339,"column":33}}],"line":339},"29":{"loc":{"start":{"line":340,"column":16},"end":{"line":340,"column":36}},"type":"binary-expr","locations":[{"start":{"line":340,"column":16},"end":{"line":340,"column":30}},{"start":{"line":340,"column":34},"end":{"line":340,"column":36}}],"line":340},"30":{"loc":{"start":{"line":341,"column":16},"end":{"line":341,"column":30}},"type":"binary-expr","locations":[{"start":{"line":341,"column":16},"end":{"line":341,"column":24}},{"start":{"line":341,"column":28},"end":{"line":341,"column":30}}],"line":341},"31":{"loc":{"start":{"line":342,"column":16},"end":{"line":342,"column":32}},"type":"binary-expr","locations":[{"start":{"line":342,"column":16},"end":{"line":342,"column":26}},{"start":{"line":342,"column":30},"end":{"line":342,"column":32}}],"line":342},"32":{"loc":{"start":{"line":343,"column":16},"end":{"line":343,"column":35}},"type":"binary-expr","locations":[{"start":{"line":343,"column":16},"end":{"line":343,"column":29}},{"start":{"line":343,"column":33},"end":{"line":343,"column":35}}],"line":343},"33":{"loc":{"start":{"line":344,"column":16},"end":{"line":344,"column":32}},"type":"binary-expr","locations":[{"start":{"line":344,"column":16},"end":{"line":344,"column":23}},{"start":{"line":344,"column":27},"end":{"line":344,"column":32}}],"line":344},"34":{"loc":{"start":{"line":345,"column":31},"end":{"line":345,"column":45}},"type":"binary-expr","locations":[{"start":{"line":345,"column":31},"end":{"line":345,"column":39}},{"start":{"line":345,"column":43},"end":{"line":345,"column":45}}],"line":345},"35":{"loc":{"start":{"line":346,"column":31},"end":{"line":346,"column":47}},"type":"binary-expr","locations":[{"start":{"line":346,"column":31},"end":{"line":346,"column":41}},{"start":{"line":346,"column":45},"end":{"line":346,"column":47}}],"line":346},"36":{"loc":{"start":{"line":364,"column":28},"end":{"line":364,"column":76}},"type":"binary-expr","locations":[{"start":{"line":364,"column":28},"end":{"line":364,"column":52}},{"start":{"line":364,"column":56},"end":{"line":364,"column":76}}],"line":364},"37":{"loc":{"start":{"line":366,"column":8},"end":{"line":368,"column":9}},"type":"if","locations":[{"start":{"line":366,"column":8},"end":{"line":368,"column":9}},{"start":{},"end":{}}],"line":366},"38":{"loc":{"start":{"line":387,"column":12},"end":{"line":387,"column":41}},"type":"binary-expr","locations":[{"start":{"line":387,"column":12},"end":{"line":387,"column":35}},{"start":{"line":387,"column":39},"end":{"line":387,"column":41}}],"line":387},"39":{"loc":{"start":{"line":388,"column":12},"end":{"line":388,"column":29}},"type":"binary-expr","locations":[{"start":{"line":388,"column":12},"end":{"line":388,"column":23}},{"start":{"line":388,"column":27},"end":{"line":388,"column":29}}],"line":388},"40":{"loc":{"start":{"line":389,"column":27},"end":{"line":389,"column":45}},"type":"binary-expr","locations":[{"start":{"line":389,"column":27},"end":{"line":389,"column":39}},{"start":{"line":389,"column":43},"end":{"line":389,"column":45}}],"line":389},"41":{"loc":{"start":{"line":390,"column":27},"end":{"line":390,"column":49}},"type":"binary-expr","locations":[{"start":{"line":390,"column":27},"end":{"line":390,"column":43}},{"start":{"line":390,"column":47},"end":{"line":390,"column":49}}],"line":390},"42":{"loc":{"start":{"line":391,"column":27},"end":{"line":391,"column":51}},"type":"binary-expr","locations":[{"start":{"line":391,"column":27},"end":{"line":391,"column":45}},{"start":{"line":391,"column":49},"end":{"line":391,"column":51}}],"line":391},"43":{"loc":{"start":{"line":392,"column":27},"end":{"line":392,"column":40}},"type":"binary-expr","locations":[{"start":{"line":392,"column":27},"end":{"line":392,"column":34}},{"start":{"line":392,"column":38},"end":{"line":392,"column":40}}],"line":392},"44":{"loc":{"start":{"line":393,"column":12},"end":{"line":393,"column":28}},"type":"binary-expr","locations":[{"start":{"line":393,"column":12},"end":{"line":393,"column":19}},{"start":{"line":393,"column":23},"end":{"line":393,"column":28}}],"line":393},"45":{"loc":{"start":{"line":406,"column":8},"end":{"line":409,"column":9}},"type":"if","locations":[{"start":{"line":406,"column":8},"end":{"line":409,"column":9}},{"start":{},"end":{}}],"line":406},"46":{"loc":{"start":{"line":424,"column":8},"end":{"line":424,"column":49}},"type":"if","locations":[{"start":{"line":424,"column":8},"end":{"line":424,"column":49}},{"start":{},"end":{}}],"line":424},"47":{"loc":{"start":{"line":441,"column":8},"end":{"line":443,"column":9}},"type":"if","locations":[{"start":{"line":441,"column":8},"end":{"line":443,"column":9}},{"start":{},"end":{}}],"line":441},"48":{"loc":{"start":{"line":451,"column":8},"end":{"line":453,"column":9}},"type":"if","locations":[{"start":{"line":451,"column":8},"end":{"line":453,"column":9}},{"start":{},"end":{}}],"line":451},"49":{"loc":{"start":{"line":451,"column":12},"end":{"line":451,"column":32}},"type":"binary-expr","locations":[{"start":{"line":451,"column":12},"end":{"line":451,"column":20}},{"start":{"line":451,"column":24},"end":{"line":451,"column":32}}],"line":451},"50":{"loc":{"start":{"line":459,"column":8},"end":{"line":461,"column":9}},"type":"if","locations":[{"start":{"line":459,"column":8},"end":{"line":461,"column":9}},{"start":{},"end":{}}],"line":459},"51":{"loc":{"start":{"line":470,"column":17},"end":{"line":470,"column":47}},"type":"cond-expr","locations":[{"start":{"line":470,"column":26},"end":{"line":470,"column":40}},{"start":{"line":470,"column":43},"end":{"line":470,"column":47}}],"line":470},"52":{"loc":{"start":{"line":489,"column":8},"end":{"line":491,"column":9}},"type":"if","locations":[{"start":{"line":489,"column":8},"end":{"line":491,"column":9}},{"start":{},"end":{}}],"line":489},"53":{"loc":{"start":{"line":489,"column":12},"end":{"line":489,"column":47}},"type":"binary-expr","locations":[{"start":{"line":489,"column":12},"end":{"line":489,"column":20}},{"start":{"line":489,"column":24},"end":{"line":489,"column":47}}],"line":489}},"s":{"0":1,"1":1,"2":1,"3":1,"4":1,"5":1,"6":1,"7":1,"8":1,"9":1,"10":1,"11":1,"12":0,"13":0,"14":0,"15":0,"16":0,"17":0,"18":1,"19":0,"20":0,"21":0,"22":0,"23":0,"24":1,"25":1,"26":1,"27":1,"28":1,"29":1,"30":1,"31":0,"32":0,"33":0,"34":0,"35":0,"36":0,"37":1,"38":1,"39":1,"40":1,"41":1,"42":1,"43":1,"44":0,"45":0,"46":0,"47":0,"48":0,"49":1,"50":0,"51":0,"52":0,"53":0,"54":0,"55":0,"56":0,"57":0,"58":0,"59":1,"60":0,"61":0,"62":0,"63":0,"64":0,"65":0,"66":0,"67":0,"68":0,"69":0,"70":0,"71":0,"72":0,"73":0,"74":0,"75":0,"76":0,"77":0,"78":0,"79":1,"80":1,"81":1,"82":1,"83":1,"84":1,"85":0,"86":0,"87":0,"88":0,"89":0,"90":0,"91":0,"92":0,"93":0,"94":0,"95":0,"96":0,"97":0,"98":0,"99":0,"100":0,"101":0,"102":0,"103":0,"104":0,"105":0,"106":0,"107":0,"108":0,"109":0,"110":0,"111":0,"112":0,"113":0,"114":0,"115":0,"116":0,"117":0,"118":0,"119":0,"120":0,"121":0,"122":0,"123":0,"124":0,"125":0,"126":0,"127":0,"128":0,"129":0,"130":1,"131":0,"132":0,"133":0,"134":0,"135":0,"136":0,"137":0,"138":0,"139":0,"140":0,"141":0,"142":0,"143":0,"144":0,"145":0,"146":0,"147":0,"148":0,"149":0,"150":0,"151":0,"152":0,"153":0,"154":1},"f":{"0":0,"1":0,"2":0,"3":1,"4":0,"5":1,"6":0,"7":0,"8":0,"9":1,"10":0,"11":0},"b":{"0":[0,0],"1":[0,0],"2":[0,0],"3":[0,0],"4":[1,0],"5":[0,0],"6":[0,0],"7":[1,0],"8":[0,0],"9":[0,0],"10":[0,0],"11":[0,0],"12":[0,0],"13":[0,0],"14":[0,0],"15":[0,0],"16":[0,0],"17":[0,0],"18":[1,0],"19":[0,0],"20":[0,0],"21":[0,0],"22":[0,0],"23":[0,0],"24":[0,0],"25":[0,0],"26":[0,0],"27":[0,0],"28":[0,0],"29":[0,0],"30":[0,0],"31":[0,0],"32":[0,0],"33":[0,0],"34":[0,0],"35":[0,0],"36":[0,0],"37":[0,0],"38":[0,0],"39":[0,0],"40":[0,0],"41":[0,0],"42":[0,0],"43":[0,0],"44":[0,0],"45":[0,0],"46":[0,0],"47":[0,0],"48":[0,0],"49":[0,0],"50":[0,0],"51":[0,0],"52":[0,0],"53":[0,0]},"_coverageSchema":"1a1c01bbd47fc00a2c39e90264f33305004495a9","hash":"b79ea6076691ee1b2fcb1945d4fc8e3d0e7d47bd"}
,"C:\\s\\s_language\\tools\\sad-registry\\src\\routes\\stats.js": {"path":"C:\\s\\s_language\\tools\\sad-registry\\src\\routes\\stats.js","statementMap":{"0":{"start":{"line":26,"column":16},"end":{"line":26,"column":34}},"1":{"start":{"line":27,"column":15},"end":{"line":27,"column":31}},"2":{"start":{"line":33,"column":0},"end":{"line":88,"column":3}},"3":{"start":{"line":34,"column":15},"end":{"line":34,"column":32}},"4":{"start":{"line":36,"column":4},"end":{"line":87,"column":5}},"5":{"start":{"line":37,"column":30},"end":{"line":37,"column":108}},"6":{"start":{"line":38,"column":30},"end":{"line":38,"column":108}},"7":{"start":{"line":39,"column":27},"end":{"line":39,"column":102}},"8":{"start":{"line":40,"column":31},"end":{"line":40,"column":114}},"9":{"start":{"line":43,"column":24},"end":{"line":49,"column":16}},"10":{"start":{"line":52,"column":23},"end":{"line":58,"column":16}},"11":{"start":{"line":61,"column":24},"end":{"line":67,"column":16}},"12":{"start":{"line":70,"column":27},"end":{"line":70,"column":88}},"13":{"start":{"line":72,"column":8},"end":{"line":83,"column":11}},"14":{"start":{"line":85,"column":8},"end":{"line":85,"column":59}},"15":{"start":{"line":86,"column":8},"end":{"line":86,"column":57}},"16":{"start":{"line":90,"column":0},"end":{"line":90,"column":24}}},"fnMap":{"0":{"name":"(anonymous_0)","decl":{"start":{"line":33,"column":16},"end":{"line":33,"column":17}},"loc":{"start":{"line":33,"column":30},"end":{"line":88,"column":1}},"line":33}},"branchMap":{},"s":{"0":1,"1":1,"2":1,"3":1,"4":1,"5":1,"6":1,"7":1,"8":1,"9":1,"10":1,"11":1,"12":1,"13":1,"14":0,"15":0,"16":1},"f":{"0":1},"b":{},"_coverageSchema":"1a1c01bbd47fc00a2c39e90264f33305004495a9","hash":"9890bb3219c6d59d37e1005045da45bb180fe3f5"}
,"C:\\s\\s_language\\tools\\sad-registry\\src\\routes\\user.js": {"path":"C:\\s\\s_language\\tools\\sad-registry\\src\\routes\\user.js","statementMap":{"0":{"start":{"line":21,"column":16},"end":{"line":21,"column":34}},"1":{"start":{"line":22,"column":15},"end":{"line":22,"column":31}},"2":{"start":{"line":23,"column":25},"end":{"line":23,"column":54}},"3":{"start":{"line":29,"column":0},"end":{"line":59,"column":3}},"4":{"start":{"line":30,"column":15},"end":{"line":30,"column":32}},"5":{"start":{"line":31,"column":19},"end":{"line":31,"column":30}},"6":{"start":{"line":33,"column":4},"end":{"line":58,"column":5}},"7":{"start":{"line":34,"column":25},"end":{"line":41,"column":30}},"8":{"start":{"line":43,"column":8},"end":{"line":54,"column":11}},"9":{"start":{"line":44,"column":41},"end":{"line":53,"column":13}},"10":{"start":{"line":56,"column":8},"end":{"line":56,"column":65}},"11":{"start":{"line":57,"column":8},"end":{"line":57,"column":57}},"12":{"start":{"line":65,"column":0},"end":{"line":94,"column":3}},"13":{"start":{"line":66,"column":15},"end":{"line":66,"column":32}},"14":{"start":{"line":67,"column":19},"end":{"line":67,"column":30}},"15":{"start":{"line":69,"column":4},"end":{"line":93,"column":5}},"16":{"start":{"line":70,"column":21},"end":{"line":73,"column":22}},"17":{"start":{"line":75,"column":29},"end":{"line":77,"column":22}},"18":{"start":{"line":79,"column":31},"end":{"line":82,"column":22}},"19":{"start":{"line":84,"column":8},"end":{"line":90,"column":11}},"20":{"start":{"line":92,"column":8},"end":{"line":92,"column":57}},"21":{"start":{"line":96,"column":0},"end":{"line":96,"column":24}}},"fnMap":{"0":{"name":"(anonymous_0)","decl":{"start":{"line":29,"column":38},"end":{"line":29,"column":39}},"loc":{"start":{"line":29,"column":52},"end":{"line":59,"column":1}},"line":29},"1":{"name":"(anonymous_1)","decl":{"start":{"line":44,"column":35},"end":{"line":44,"column":36}},"loc":{"start":{"line":44,"column":41},"end":{"line":53,"column":13}},"line":44},"2":{"name":"(anonymous_2)","decl":{"start":{"line":65,"column":37},"end":{"line":65,"column":38}},"loc":{"start":{"line":65,"column":51},"end":{"line":94,"column":1}},"line":65}},"branchMap":{},"s":{"0":1,"1":1,"2":1,"3":1,"4":2,"5":2,"6":2,"7":2,"8":2,"9":0,"10":0,"11":0,"12":1,"13":0,"14":0,"15":0,"16":0,"17":0,"18":0,"19":0,"20":0,"21":1},"f":{"0":2,"1":0,"2":0},"b":{},"_coverageSchema":"1a1c01bbd47fc00a2c39e90264f33305004495a9","hash":"8ac1f717de2a845144e65c370edf852d01cff110"}
,"C:\\s\\s_language\\tools\\sad-registry\\src\\routes\\web.js": {"path":"C:\\s\\s_language\\tools\\sad-registry\\src\\routes\\web.js","statementMap":{"0":{"start":{"line":22,"column":16},"end":{"line":22,"column":34}},"1":{"start":{"line":23,"column":15},"end":{"line":23,"column":31}},"2":{"start":{"line":29,"column":0},"end":{"line":64,"column":3}},"3":{"start":{"line":30,"column":15},"end":{"line":30,"column":32}},"4":{"start":{"line":32,"column":4},"end":{"line":63,"column":5}},"5":{"start":{"line":33,"column":22},"end":{"line":37,"column":9}},"6":{"start":{"line":39,"column":24},"end":{"line":46,"column":16}},"7":{"start":{"line":48,"column":23},"end":{"line":55,"column":16}},"8":{"start":{"line":57,"column":27},"end":{"line":57,"column":88}},"9":{"start":{"line":59,"column":8},"end":{"line":59,"column":68}},"10":{"start":{"line":61,"column":8},"end":{"line":61,"column":45}},"11":{"start":{"line":62,"column":8},"end":{"line":62,"column":121}},"12":{"start":{"line":70,"column":0},"end":{"line":105,"column":3}},"13":{"start":{"line":71,"column":38},"end":{"line":71,"column":47}},"14":{"start":{"line":72,"column":15},"end":{"line":72,"column":32}},"15":{"start":{"line":74,"column":4},"end":{"line":104,"column":5}},"16":{"start":{"line":75,"column":23},"end":{"line":75,"column":31}},"17":{"start":{"line":78,"column":8},"end":{"line":98,"column":9}},"18":{"start":{"line":79,"column":12},"end":{"line":87,"column":62}},"19":{"start":{"line":89,"column":12},"end":{"line":97,"column":43}},"20":{"start":{"line":100,"column":27},"end":{"line":100,"column":88}},"21":{"start":{"line":101,"column":8},"end":{"line":101,"column":68}},"22":{"start":{"line":103,"column":8},"end":{"line":103,"column":80}},"23":{"start":{"line":111,"column":0},"end":{"line":155,"column":3}},"24":{"start":{"line":112,"column":21},"end":{"line":112,"column":31}},"25":{"start":{"line":113,"column":15},"end":{"line":113,"column":32}},"26":{"start":{"line":115,"column":4},"end":{"line":154,"column":5}},"27":{"start":{"line":116,"column":20},"end":{"line":121,"column":20}},"28":{"start":{"line":123,"column":8},"end":{"line":125,"column":9}},"29":{"start":{"line":124,"column":12},"end":{"line":124,"column":93}},"30":{"start":{"line":127,"column":25},"end":{"line":133,"column":22}},"31":{"start":{"line":135,"column":23},"end":{"line":140,"column":22}},"32":{"start":{"line":142,"column":30},"end":{"line":142,"column":70}},"33":{"start":{"line":142,"column":49},"end":{"line":142,"column":61}},"34":{"start":{"line":144,"column":8},"end":{"line":150,"column":11}},"35":{"start":{"line":152,"column":8},"end":{"line":152,"column":45}},"36":{"start":{"line":153,"column":8},"end":{"line":153,"column":70}},"37":{"start":{"line":157,"column":0},"end":{"line":157,"column":24}}},"fnMap":{"0":{"name":"(anonymous_0)","decl":{"start":{"line":29,"column":16},"end":{"line":29,"column":17}},"loc":{"start":{"line":29,"column":30},"end":{"line":64,"column":1}},"line":29},"1":{"name":"(anonymous_1)","decl":{"start":{"line":70,"column":22},"end":{"line":70,"column":23}},"loc":{"start":{"line":70,"column":36},"end":{"line":105,"column":1}},"line":70},"2":{"name":"(anonymous_2)","decl":{"start":{"line":111,"column":30},"end":{"line":111,"column":31}},"loc":{"start":{"line":111,"column":44},"end":{"line":155,"column":1}},"line":111},"3":{"name":"(anonymous_3)","decl":{"start":{"line":142,"column":44},"end":{"line":142,"column":45}},"loc":{"start":{"line":142,"column":49},"end":{"line":142,"column":61}},"line":142}},"branchMap":{"0":{"loc":{"start":{"line":71,"column":12},"end":{"line":71,"column":18}},"type":"default-arg","locations":[{"start":{"line":71,"column":16},"end":{"line":71,"column":18}}],"line":71},"1":{"loc":{"start":{"line":71,"column":20},"end":{"line":71,"column":33}},"type":"default-arg","locations":[{"start":{"line":71,"column":31},"end":{"line":71,"column":33}}],"line":71},"2":{"loc":{"start":{"line":78,"column":8},"end":{"line":98,"column":9}},"type":"if","locations":[{"start":{"line":78,"column":8},"end":{"line":98,"column":9}},{"start":{"line":88,"column":15},"end":{"line":98,"column":9}}],"line":78},"3":{"loc":{"start":{"line":123,"column":8},"end":{"line":125,"column":9}},"type":"if","locations":[{"start":{"line":123,"column":8},"end":{"line":125,"column":9}},{"start":{},"end":{}}],"line":123},"4":{"loc":{"start":{"line":142,"column":30},"end":{"line":142,"column":70}},"type":"binary-expr","locations":[{"start":{"line":142,"column":30},"end":{"line":142,"column":62}},{"start":{"line":142,"column":66},"end":{"line":142,"column":70}}],"line":142},"5":{"loc":{"start":{"line":149,"column":26},"end":{"line":149,"column":93}},"type":"cond-expr","locations":[{"start":{"line":149,"column":42},"end":{"line":149,"column":88}},{"start":{"line":149,"column":91},"end":{"line":149,"column":93}}],"line":149},"6":{"loc":{"start":{"line":149,"column":53},"end":{"line":149,"column":87}},"type":"binary-expr","locations":[{"start":{"line":149,"column":53},"end":{"line":149,"column":79}},{"start":{"line":149,"column":83},"end":{"line":149,"column":87}}],"line":149}},"s":{"0":1,"1":1,"2":1,"3":1,"4":1,"5":1,"6":1,"7":1,"8":1,"9":1,"10":0,"11":0,"12":1,"13":1,"14":1,"15":1,"16":1,"17":1,"18":0,"19":1,"20":1,"21":1,"22":0,"23":1,"24":0,"25":0,"26":0,"27":0,"28":0,"29":0,"30":0,"31":0,"32":0,"33":0,"34":0,"35":0,"36":0,"37":1},"f":{"0":1,"1":1,"2":0,"3":0},"b":{"0":[0],"1":[1],"2":[0,1],"3":[0,0],"4":[0,0],"5":[0,0],"6":[0,0]},"_coverageSchema":"1a1c01bbd47fc00a2c39e90264f33305004495a9","hash":"637bebcb047610c943f6d1487f80dd78521a89d4"}
,"C:\\s\\s_language\\tools\\sad-registry\\src\\utils\\validators.js": {"path":"C:\\s\\s_language\\tools\\sad-registry\\src\\utils\\validators.js","statementMap":{"0":{"start":{"line":55,"column":4},"end":{"line":55,"column":56}},"1":{"start":{"line":55,"column":43},"end":{"line":55,"column":56}},"2":{"start":{"line":59,"column":4},"end":{"line":59,"column":59}},"3":{"start":{"line":59,"column":46},"end":{"line":59,"column":59}},"4":{"start":{"line":66,"column":25},"end":{"line":66,"column":103}},"5":{"start":{"line":67,"column":4},"end":{"line":67,"column":35}},"6":{"start":{"line":96,"column":4},"end":{"line":96,"column":62}},"7":{"start":{"line":96,"column":49},"end":{"line":96,"column":62}},"8":{"start":{"line":104,"column":26},"end":{"line":104,"column":78}},"9":{"start":{"line":105,"column":4},"end":{"line":105,"column":39}},"10":{"start":{"line":131,"column":4},"end":{"line":131,"column":53}},"11":{"start":{"line":131,"column":43},"end":{"line":131,"column":53}},"12":{"start":{"line":133,"column":4},"end":{"line":136,"column":16}},"13":{"start":{"line":139,"column":0},"end":{"line":139,"column":72}}},"fnMap":{"0":{"name":"validatePackageName","decl":{"start":{"line":53,"column":9},"end":{"line":53,"column":28}},"loc":{"start":{"line":53,"column":35},"end":{"line":68,"column":1}},"line":53},"1":{"name":"validateVersion","decl":{"start":{"line":95,"column":9},"end":{"line":95,"column":24}},"loc":{"start":{"line":95,"column":34},"end":{"line":106,"column":1}},"line":95},"2":{"name":"sanitizeText","decl":{"start":{"line":130,"column":9},"end":{"line":130,"column":21}},"loc":{"start":{"line":130,"column":45},"end":{"line":137,"column":1}},"line":130}},"branchMap":{"0":{"loc":{"start":{"line":55,"column":4},"end":{"line":55,"column":56}},"type":"if","locations":[{"start":{"line":55,"column":4},"end":{"line":55,"column":56}},{"start":{},"end":{}}],"line":55},"1":{"loc":{"start":{"line":55,"column":8},"end":{"line":55,"column":41}},"type":"binary-expr","locations":[{"start":{"line":55,"column":8},"end":{"line":55,"column":13}},{"start":{"line":55,"column":17},"end":{"line":55,"column":41}}],"line":55},"2":{"loc":{"start":{"line":59,"column":4},"end":{"line":59,"column":59}},"type":"if","locations":[{"start":{"line":59,"column":4},"end":{"line":59,"column":59}},{"start":{},"end":{}}],"line":59},"3":{"loc":{"start":{"line":59,"column":8},"end":{"line":59,"column":44}},"type":"binary-expr","locations":[{"start":{"line":59,"column":8},"end":{"line":59,"column":23}},{"start":{"line":59,"column":27},"end":{"line":59,"column":44}}],"line":59},"4":{"loc":{"start":{"line":96,"column":4},"end":{"line":96,"column":62}},"type":"if","locations":[{"start":{"line":96,"column":4},"end":{"line":96,"column":62}},{"start":{},"end":{}}],"line":96},"5":{"loc":{"start":{"line":96,"column":8},"end":{"line":96,"column":47}},"type":"binary-expr","locations":[{"start":{"line":96,"column":8},"end":{"line":96,"column":16}},{"start":{"line":96,"column":20},"end":{"line":96,"column":47}}],"line":96},"6":{"loc":{"start":{"line":130,"column":28},"end":{"line":130,"column":43}},"type":"default-arg","locations":[{"start":{"line":130,"column":40},"end":{"line":130,"column":43}}],"line":130},"7":{"loc":{"start":{"line":131,"column":4},"end":{"line":131,"column":53}},"type":"if","locations":[{"start":{"line":131,"column":4},"end":{"line":131,"column":53}},{"start":{},"end":{}}],"line":131},"8":{"loc":{"start":{"line":131,"column":8},"end":{"line":131,"column":41}},"type":"binary-expr","locations":[{"start":{"line":131,"column":8},"end":{"line":131,"column":13}},{"start":{"line":131,"column":17},"end":{"line":131,"column":41}}],"line":131}},"s":{"0":0,"1":0,"2":0,"3":0,"4":0,"5":0,"6":0,"7":0,"8":0,"9":0,"10":0,"11":0,"12":0,"13":1},"f":{"0":0,"1":0,"2":0},"b":{"0":[0,0],"1":[0,0],"2":[0,0],"3":[0,0],"4":[0,0],"5":[0,0],"6":[0],"7":[0,0],"8":[0,0]},"_coverageSchema":"1a1c01bbd47fc00a2c39e90264f33305004495a9","hash":"d804d1bade76956908041118734666fdd62ba68e"}
}
