TN:
SF:src\server.js
FN:46,(anonymous_0)
FN:118,startServer
FN:132,(anonymous_2)
FNF:3
FNH:1
FNDA:3,(anonymous_0)
FNDA:0,startServer
FNDA:0,(anonymous_2)
DA:16,1
DA:18,1
DA:19,1
DA:20,1
DA:21,1
DA:22,1
DA:23,1
DA:24,1
DA:26,1
DA:27,1
DA:28,1
DA:29,1
DA:30,1
DA:36,1
DA:37,1
DA:38,1
DA:41,1
DA:46,1
DA:47,3
DA:48,0
DA:57,1
DA:70,1
DA:79,1
DA:82,1
DA:83,1
DA:86,1
DA:87,0
DA:91,1
DA:94,1
DA:97,1
DA:98,1
DA:105,1
DA:108,1
DA:111,1
DA:112,1
DA:119,0
DA:121,0
DA:122,0
DA:124,0
DA:125,0
DA:126,0
DA:127,0
DA:128,0
DA:129,0
DA:130,0
DA:132,0
DA:133,0
DA:134,0
DA:135,0
DA:136,0
DA:137,0
DA:138,0
DA:142,0
DA:143,0
DA:148,1
DA:149,0
DA:152,1
LF:57
LH:35
BRDA:37,0,0,1
BRDA:37,0,1,0
BRDA:38,1,0,1
BRDA:38,1,1,0
BRDA:42,2,0,1
BRDA:42,2,1,0
BRDA:47,3,0,0
BRDA:47,3,1,3
BRDA:71,4,0,0
BRDA:71,4,1,1
BRDA:86,5,0,0
BRDA:86,5,1,1
BRDA:137,6,0,0
BRDA:137,6,1,0
BRDA:148,7,0,0
BRDA:148,7,1,1
BRF:16
BRH:7
end_of_record
TN:
SF:src\middleware\auth.js
FN:62,authenticate
FN:135,optionalAuth
FN:143,(anonymous_2)
FNF:3
FNH:1
FNDA:5,authenticate
FNDA:0,optionalAuth
FNDA:0,(anonymous_2)
DA:38,1
DA:39,1
DA:44,1
DA:63,5
DA:65,5
DA:66,2
DA:72,3
DA:74,3
DA:75,0
DA:78,3
DA:81,3
DA:82,3
DA:83,3
DA:84,2
DA:85,2
DA:86,0
DA:88,2
DA:89,2
DA:96,1
DA:98,1
DA:99,1
DA:103,1
DA:104,1
DA:105,1
DA:109,0
DA:110,0
DA:118,0
DA:119,0
DA:120,0
DA:121,0
DA:122,0
DA:126,0
DA:136,0
DA:137,0
DA:138,0
DA:139,0
DA:143,0
DA:144,0
DA:145,0
DA:147,0
DA:151,1
LF:41
LH:23
BRDA:44,0,0,1
BRDA:44,0,1,0
BRDA:65,1,0,2
BRDA:65,1,1,3
BRDA:74,2,0,0
BRDA:74,2,1,3
BRDA:81,3,0,3
BRDA:81,3,1,0
BRDA:85,4,0,0
BRDA:85,4,1,2
BRDA:96,5,0,1
BRDA:96,5,1,0
BRDA:98,6,0,1
BRDA:98,6,1,0
BRDA:103,7,0,1
BRDA:103,7,1,0
BRDA:118,8,0,0
BRDA:118,8,1,0
BRDA:121,9,0,0
BRDA:121,9,1,0
BRDA:137,10,0,0
BRDA:137,10,1,0
BRDA:144,11,0,0
BRDA:144,11,1,0
BRF:24
BRH:9
end_of_record
TN:
SF:src\middleware\errors.js
FN:38,notFoundHandler
FN:64,errorHandler
FNF:2
FNH:0
FNDA:0,notFoundHandler
FNDA:0,errorHandler
DA:40,0
DA:41,0
DA:47,0
DA:65,0
DA:67,0
DA:68,0
DA:72,0
DA:73,0
DA:78,0
DA:82,1
LF:10
LH:1
BRDA:40,0,0,0
BRDA:40,0,1,0
BRDA:65,1,0,0
BRDA:65,1,1,0
BRDA:67,2,0,0
BRDA:67,2,1,0
BRDA:68,3,0,0
BRDA:68,3,1,0
BRDA:72,4,0,0
BRDA:72,4,1,0
BRDA:75,5,0,0
BRDA:75,5,1,0
BRF:12
BRH:0
end_of_record
TN:
SF:src\middleware\rate-limit.js
FN:57,(anonymous_0)
FNF:1
FNH:1
FNDA:1,(anonymous_0)
DA:32,1
DA:35,1
DA:50,1
DA:57,1
DA:63,1
DA:72,1
LF:6
LH:6
BRDA:36,0,0,1
BRDA:36,0,1,1
BRDA:37,1,0,1
BRDA:37,1,1,1
BRDA:52,2,0,1
BRDA:52,2,1,1
BRDA:57,3,0,1
BRDA:57,3,1,0
BRF:8
BRH:7
end_of_record
TN:
SF:src\models\database.js
FN:19,initDatabase
FN:44,getDatabase
FN:54,createTables
FN:219,(anonymous_3)
FNF:4
FNH:3
FNDA:1,initDatabase
FNDA:0,getDatabase
FNDA:1,createTables
FNDA:1,(anonymous_3)
DA:10,1
DA:11,1
DA:12,1
DA:14,1
DA:20,1
DA:23,1
DA:24,1
DA:25,0
DA:28,1
DA:31,1
DA:32,1
DA:33,1
DA:36,1
DA:38,1
DA:45,0
DA:46,0
DA:48,0
DA:55,1
DA:195,1
DA:200,1
DA:219,1
DA:220,1
DA:221,16
DA:224,1
DA:227,1
LF:25
LH:21
BRDA:20,0,0,1
BRDA:20,0,1,0
BRDA:20,0,2,0
BRDA:24,1,0,0
BRDA:24,1,1,1
BRDA:45,2,0,0
BRDA:45,2,1,0
BRF:7
BRH:2
end_of_record
TN:
SF:src\routes\api.js
FN:31,(anonymous_0)
FN:56,(anonymous_1)
FN:109,(anonymous_2)
FNF:3
FNH:2
FNDA:1,(anonymous_0)
FNDA:2,(anonymous_1)
FNDA:0,(anonymous_2)
DA:19,1
DA:20,1
DA:22,1
DA:23,1
DA:24,1
DA:25,1
DA:31,1
DA:32,1
DA:56,1
DA:57,2
DA:58,2
DA:59,2
DA:60,2
DA:64,2
DA:65,0
DA:77,0
DA:78,0
DA:79,0
DA:81,2
DA:92,2
DA:93,2
DA:96,2
DA:97,2
DA:100,2
DA:105,2
DA:106,2
DA:108,2
DA:109,0
DA:125,0
DA:126,0
DA:134,1
DA:135,1
DA:136,1
DA:137,1
DA:139,1
LF:35
LH:28
BRDA:57,0,0,1
BRDA:57,1,0,2
BRDA:57,2,0,2
BRDA:59,3,0,2
BRDA:59,3,1,0
BRDA:60,4,0,2
BRDA:60,4,1,2
BRDA:64,5,0,0
BRDA:64,5,1,2
BRDA:116,6,0,0
BRDA:116,6,1,0
BRF:11
BRH:7
end_of_record
TN:
SF:src\routes\auth.js
FN:34,(anonymous_0)
FN:105,(anonymous_1)
FN:168,(anonymous_2)
FNF:3
FNH:2
FNDA:3,(anonymous_0)
FNDA:2,(anonymous_1)
FNDA:0,(anonymous_2)
DA:7,1
DA:8,1
DA:9,1
DA:10,1
DA:11,1
DA:12,1
DA:14,1
DA:15,1
DA:16,1
DA:22,1
DA:35,3
DA:36,3
DA:37,1
DA:43,2
DA:44,2
DA:46,2
DA:48,2
DA:52,2
DA:53,1
DA:60,1
DA:63,1
DA:66,1
DA:72,1
DA:78,1
DA:93,0
DA:94,0
DA:102,1
DA:106,2
DA:107,2
DA:108,0
DA:111,2
DA:112,2
DA:114,2
DA:116,2
DA:120,2
DA:121,0
DA:128,2
DA:129,2
DA:130,1
DA:137,1
DA:143,1
DA:157,0
DA:158,0
DA:166,1
DA:170,0
DA:171,0
DA:172,0
DA:175,0
DA:176,0
DA:177,0
DA:178,0
DA:180,0
DA:181,0
DA:183,0
DA:188,0
DA:196,0
DA:200,1
LF:57
LH:39
BRDA:14,0,0,1
BRDA:14,0,1,0
BRDA:15,1,0,1
BRDA:15,1,1,1
BRDA:16,2,0,1
BRDA:16,2,1,1
BRDA:36,3,0,1
BRDA:36,3,1,2
BRDA:52,4,0,1
BRDA:52,4,1,1
BRDA:69,5,0,1
BRDA:69,5,1,0
BRDA:86,6,0,1
BRDA:86,6,1,0
BRDA:107,7,0,0
BRDA:107,7,1,2
BRDA:120,8,0,0
BRDA:120,8,1,2
BRDA:129,9,0,1
BRDA:129,9,1,1
BRDA:145,10,0,1
BRDA:145,10,1,0
BRDA:171,11,0,0
BRDA:171,11,1,0
BRDA:171,12,0,0
BRDA:171,12,1,0
BRDA:186,13,0,0
BRDA:186,13,1,0
BRF:28
BRH:16
end_of_record
TN:
SF:src\routes\packages.js
FN:27,(anonymous_0)
FN:34,(anonymous_1)
FN:45,(anonymous_2)
FN:61,(anonymous_3)
FN:109,(anonymous_4)
FN:128,(anonymous_5)
FN:145,(anonymous_6)
FN:157,(anonymous_7)
FN:203,(anonymous_8)
FN:259,(anonymous_9)
FN:434,(anonymous_10)
FN:487,cleanupFile
FNF:12
FNH:3
FNDA:0,(anonymous_0)
FNDA:0,(anonymous_1)
FNDA:0,(anonymous_2)
FNDA:1,(anonymous_3)
FNDA:0,(anonymous_4)
FNDA:1,(anonymous_5)
FNDA:0,(anonymous_6)
FNDA:0,(anonymous_7)
FNDA:0,(anonymous_8)
FNDA:1,(anonymous_9)
FNDA:0,(anonymous_10)
FNDA:0,cleanupFile
DA:9,1
DA:10,1
DA:11,1
DA:12,1
DA:13,1
DA:14,1
DA:15,1
DA:16,1
DA:18,1
DA:19,1
DA:20,1
DA:26,1
DA:28,0
DA:29,0
DA:30,0
DA:32,0
DA:35,0
DA:36,0
DA:40,1
DA:46,0
DA:47,0
DA:49,0
DA:50,0
DA:52,0
DA:61,1
DA:62,1
DA:63,1
DA:65,1
DA:66,1
DA:73,1
DA:74,1
DA:81,0
DA:89,0
DA:96,0
DA:109,0
DA:119,0
DA:120,0
DA:128,1
DA:129,1
DA:130,1
DA:132,1
DA:133,1
DA:134,1
DA:135,1
DA:138,0
DA:144,0
DA:145,0
DA:148,0
DA:149,0
DA:157,1
DA:158,0
DA:159,0
DA:161,0
DA:162,0
DA:169,0
DA:170,0
DA:176,0
DA:194,0
DA:195,0
DA:203,1
DA:204,0
DA:205,0
DA:207,0
DA:208,0
DA:215,0
DA:216,0
DA:222,0
DA:223,0
DA:224,0
DA:228,0
DA:229,0
DA:235,0
DA:241,0
DA:242,0
DA:245,0
DA:246,0
DA:247,0
DA:250,0
DA:251,0
DA:259,1
DA:260,1
DA:261,1
DA:263,1
DA:265,1
DA:266,1
DA:271,0
DA:272,0
DA:275,0
DA:280,0
DA:283,0
DA:284,0
DA:285,0
DA:288,0
DA:289,0
DA:290,0
DA:296,0
DA:297,0
DA:298,0
DA:299,0
DA:303,0
DA:305,0
DA:307,0
DA:311,0
DA:312,0
DA:313,0
DA:320,0
DA:324,0
DA:325,0
DA:326,0
DA:333,0
DA:351,0
DA:354,0
DA:360,0
DA:361,0
DA:364,0
DA:365,0
DA:366,0
DA:367,0
DA:369,0
DA:370,0
DA:373,0
DA:376,0
DA:401,0
DA:406,0
DA:407,0
DA:411,0
DA:424,0
DA:425,0
DA:426,0
DA:434,1
DA:435,0
DA:436,0
DA:437,0
DA:439,0
DA:440,0
DA:441,0
DA:442,0
DA:446,0
DA:449,0
DA:451,0
DA:452,0
DA:455,0
DA:459,0
DA:460,0
DA:464,0
DA:469,0
DA:472,0
DA:478,0
DA:479,0
DA:488,0
DA:489,0
DA:490,0
DA:493,0
DA:497,1
LF:154
LH:37
BRDA:28,0,0,0
BRDA:28,0,1,0
BRDA:29,1,0,0
BRDA:29,1,1,0
BRDA:49,2,0,0
BRDA:49,2,1,0
BRDA:49,3,0,0
BRDA:49,3,1,0
BRDA:73,4,0,1
BRDA:73,4,1,0
BRDA:104,5,0,0
BRDA:104,5,1,0
BRDA:105,6,0,0
BRDA:105,6,1,0
BRDA:134,7,0,1
BRDA:134,7,1,0
BRDA:169,8,0,0
BRDA:169,8,1,0
BRDA:180,9,0,0
BRDA:180,9,1,0
BRDA:184,10,0,0
BRDA:184,10,1,0
BRDA:185,11,0,0
BRDA:185,11,1,0
BRDA:186,12,0,0
BRDA:186,12,1,0
BRDA:215,13,0,0
BRDA:215,13,1,0
BRDA:215,14,0,0
BRDA:215,14,1,0
BRDA:223,15,0,0
BRDA:223,15,1,0
BRDA:238,16,0,0
BRDA:238,16,1,0
BRDA:241,17,0,0
BRDA:241,17,1,0
BRDA:265,18,0,1
BRDA:265,18,1,0
BRDA:272,19,0,0
BRDA:272,19,1,0
BRDA:283,20,0,0
BRDA:283,20,1,0
BRDA:283,21,0,0
BRDA:283,21,1,0
BRDA:288,22,0,0
BRDA:288,22,1,0
BRDA:297,23,0,0
BRDA:297,23,1,0
BRDA:305,24,0,0
BRDA:305,24,1,0
BRDA:311,25,0,0
BRDA:311,25,1,0
BRDA:311,26,0,0
BRDA:311,26,1,0
BRDA:324,27,0,0
BRDA:324,27,1,0
BRDA:339,28,0,0
BRDA:339,28,1,0
BRDA:340,29,0,0
BRDA:340,29,1,0
BRDA:341,30,0,0
BRDA:341,30,1,0
BRDA:342,31,0,0
BRDA:342,31,1,0
BRDA:343,32,0,0
BRDA:343,32,1,0
BRDA:344,33,0,0
BRDA:344,33,1,0
BRDA:345,34,0,0
BRDA:345,34,1,0
BRDA:346,35,0,0
BRDA:346,35,1,0
BRDA:364,36,0,0
BRDA:364,36,1,0
BRDA:366,37,0,0
BRDA:366,37,1,0
BRDA:387,38,0,0
BRDA:387,38,1,0
BRDA:388,39,0,0
BRDA:388,39,1,0
BRDA:389,40,0,0
BRDA:389,40,1,0
BRDA:390,41,0,0
BRDA:390,41,1,0
BRDA:391,42,0,0
BRDA:391,42,1,0
BRDA:392,43,0,0
BRDA:392,43,1,0
BRDA:393,44,0,0
BRDA:393,44,1,0
BRDA:406,45,0,0
BRDA:406,45,1,0
BRDA:424,46,0,0
BRDA:424,46,1,0
BRDA:441,47,0,0
BRDA:441,47,1,0
BRDA:451,48,0,0
BRDA:451,48,1,0
BRDA:451,49,0,0
BRDA:451,49,1,0
BRDA:459,50,0,0
BRDA:459,50,1,0
BRDA:470,51,0,0
BRDA:470,51,1,0
BRDA:489,52,0,0
BRDA:489,52,1,0
BRDA:489,53,0,0
BRDA:489,53,1,0
BRF:108
BRH:3
end_of_record
TN:
SF:src\routes\stats.js
FN:33,(anonymous_0)
FNF:1
FNH:1
FNDA:1,(anonymous_0)
DA:26,1
DA:27,1
DA:33,1
DA:34,1
DA:36,1
DA:37,1
DA:38,1
DA:39,1
DA:40,1
DA:43,1
DA:52,1
DA:61,1
DA:70,1
DA:72,1
DA:85,0
DA:86,0
DA:90,1
LF:17
LH:15
BRF:0
BRH:0
end_of_record
TN:
SF:src\routes\user.js
FN:29,(anonymous_0)
FN:44,(anonymous_1)
FN:65,(anonymous_2)
FNF:3
FNH:1
FNDA:2,(anonymous_0)
FNDA:0,(anonymous_1)
FNDA:0,(anonymous_2)
DA:21,1
DA:22,1
DA:23,1
DA:29,1
DA:30,2
DA:31,2
DA:33,2
DA:34,2
DA:43,2
DA:44,0
DA:56,0
DA:57,0
DA:65,1
DA:66,0
DA:67,0
DA:69,0
DA:70,0
DA:75,0
DA:79,0
DA:84,0
DA:92,0
DA:96,1
LF:22
LH:11
BRF:0
BRH:0
end_of_record
TN:
SF:src\routes\web.js
FN:29,(anonymous_0)
FN:70,(anonymous_1)
FN:111,(anonymous_2)
FN:142,(anonymous_3)
FNF:4
FNH:2
FNDA:1,(anonymous_0)
FNDA:1,(anonymous_1)
FNDA:0,(anonymous_2)
FNDA:0,(anonymous_3)
DA:22,1
DA:23,1
DA:29,1
DA:30,1
DA:32,1
DA:33,1
DA:39,1
DA:48,1
DA:57,1
DA:59,1
DA:61,0
DA:62,0
DA:70,1
DA:71,1
DA:72,1
DA:74,1
DA:75,1
DA:78,1
DA:79,0
DA:89,1
DA:100,1
DA:101,1
DA:103,0
DA:111,1
DA:112,0
DA:113,0
DA:115,0
DA:116,0
DA:123,0
DA:124,0
DA:127,0
DA:135,0
DA:142,0
DA:144,0
DA:152,0
DA:153,0
DA:157,1
LF:37
LH:21
BRDA:71,0,0,0
BRDA:71,1,0,1
BRDA:78,2,0,0
BRDA:78,2,1,1
BRDA:123,3,0,0
BRDA:123,3,1,0
BRDA:142,4,0,0
BRDA:142,4,1,0
BRDA:149,5,0,0
BRDA:149,5,1,0
BRDA:149,6,0,0
BRDA:149,6,1,0
BRF:12
BRH:2
end_of_record
TN:
SF:src\utils\validators.js
FN:53,validatePackageName
FN:95,validateVersion
FN:130,sanitizeText
FNF:3
FNH:0
FNDA:0,validatePackageName
FNDA:0,validateVersion
FNDA:0,sanitizeText
DA:55,0
DA:59,0
DA:66,0
DA:67,0
DA:96,0
DA:104,0
DA:105,0
DA:131,0
DA:133,0
DA:139,1
LF:10
LH:1
BRDA:55,0,0,0
BRDA:55,0,1,0
BRDA:55,1,0,0
BRDA:55,1,1,0
BRDA:59,2,0,0
BRDA:59,2,1,0
BRDA:59,3,0,0
BRDA:59,3,1,0
BRDA:96,4,0,0
BRDA:96,4,1,0
BRDA:96,5,0,0
BRDA:96,5,1,0
BRDA:130,6,0,0
BRDA:131,7,0,0
BRDA:131,7,1,0
BRDA:131,8,0,0
BRDA:131,8,1,0
BRF:17
BRH:0
end_of_record
