Start testing: Feb 15 17:02 Jerusalem Standard Time
----------------------------------------------------------
1/5 Testing: CoreTypes
1/5 Test: CoreTypes
Command: "C:/s/s_language/graphics/build/tests/Release/test_types.exe"
Directory: C:/s/s_language/graphics/build/tests
"CoreTypes" start time: Feb 15 17:02 Jerusalem Standard Time
Output:
----------------------------------------------------------
===============================================================================
All tests passed (86 assertions in 20 test cases)

<end of output>
Test time =   0.02 sec
----------------------------------------------------------
Test Passed.
"CoreTypes" end time: Feb 15 17:02 Jerusalem Standard Time
"CoreTypes" time elapsed: 00:00:00
----------------------------------------------------------

2/5 Testing: ColorSystem
2/5 Test: ColorSystem
Command: "C:/s/s_language/graphics/build/tests/Release/test_color.exe"
Directory: C:/s/s_language/graphics/build/tests
"ColorSystem" start time: Feb 15 17:02 Jerusalem Standard Time
Output:
----------------------------------------------------------
===============================================================================
All tests passed (87 assertions in 22 test cases)

<end of output>
Test time =   0.01 sec
----------------------------------------------------------
Test Passed.
"ColorSystem" end time: Feb 15 17:02 Jerusalem Standard Time
"ColorSystem" time elapsed: 00:00:00
----------------------------------------------------------

3/5 Testing: ResourceManager
3/5 Test: ResourceManager
Command: "C:/s/s_language/graphics/build/tests/Release/test_resource_manager.exe"
Directory: C:/s/s_language/graphics/build/tests
"ResourceManager" start time: Feb 15 17:02 Jerusalem Standard Time
Output:
----------------------------------------------------------
(AR) تم تهيئة مدير الموارد / (EN) Resource Manager initialized
(AR) تمت إضافة مسار بحث: test_assets / (EN) Added search path: test_assets
(AR) فشل إيجاد ملف: nonexistent_file_12345.png / (EN) Failed to find file: nonexistent_file_12345.png
(AR) فشل إيجاد ملف الخط: nonexistent_font_12345.ttf / (EN) Failed to find font file: nonexistent_font_12345.ttf
===============================================================================
All tests passed (10 assertions in 9 test cases)

(AR) تفريغ جميع الموارد... / (EN) Unloading all resources...
(AR) تم تفريغ جميع الموارد / (EN) All resources unloaded
(AR) تم تدمير مدير الموارد / (EN) Resource Manager destroyed
<end of output>
Test time =   0.02 sec
----------------------------------------------------------
Test Passed.
"ResourceManager" end time: Feb 15 17:02 Jerusalem Standard Time
"ResourceManager" time elapsed: 00:00:00
----------------------------------------------------------

4/5 Testing: UIWidgets
4/5 Test: UIWidgets
Command: "C:/s/s_language/graphics/build/tests/Release/test_ui.exe"
Directory: C:/s/s_language/graphics/build/tests
"UIWidgets" start time: Feb 15 17:02 Jerusalem Standard Time
Output:
----------------------------------------------------------
(AR) تم تهيئة مدير الموارد / (EN) Resource Manager initialized
(AR) فشل إيجاد ملف الخط: arial.ttf / (EN) Failed to find font file: arial.ttf
(AR) فشل إيجاد ملف الخط: arial.ttf / (EN) Failed to find font file: arial.ttf
(AR) فشل إيجاد ملف الخط: arial.ttf / (EN) Failed to find font file: arial.ttf
(AR) فشل إيجاد ملف الخط: arial.ttf / (EN) Failed to find font file: arial.ttf
(AR) فشل إيجاد ملف الخط: arial.ttf / (EN) Failed to find font file: arial.ttf
(AR) فشل إيجاد ملف الخط: arial.ttf / (EN) Failed to find font file: arial.ttf
(AR) فشل إيجاد ملف الخط: arial.ttf / (EN) Failed to find font file: arial.ttf
(AR) فشل إيجاد ملف الخط: arial.ttf / (EN) Failed to find font file: arial.ttf
(AR) فشل إيجاد ملف الخط: arial.ttf / (EN) Failed to find font file: arial.ttf
(AR) فشل إيجاد ملف الخط: arial.ttf / (EN) Failed to find font file: arial.ttf
(AR) فشل إيجاد ملف الخط: arial.ttf / (EN) Failed to find font file: arial.ttf
(AR) فشل إيجاد ملف الخط: arial.ttf / (EN) Failed to find font file: arial.ttf
(AR) فشل إيجاد ملف الخط: arial.ttf / (EN) Failed to find font file: arial.ttf
(AR) فشل إيجاد ملف الخط: arial.ttf / (EN) Failed to find font file: arial.ttf
(AR) فشل إيجاد ملف الخط: arial.ttf / (EN) Failed to find font file: arial.ttf
(AR) فشل إيجاد ملف الخط: arial.ttf / (EN) Failed to find font file: arial.ttf
===============================================================================
All tests passed (90 assertions in 36 test cases)

(AR) تفريغ جميع الموارد... / (EN) Unloading all resources...
(AR) تم تفريغ جميع الموارد / (EN) All resources unloaded
(AR) تم تدمير مدير الموارد / (EN) Resource Manager destroyed
<end of output>
Test time =   0.02 sec
----------------------------------------------------------
Test Passed.
"UIWidgets" end time: Feb 15 17:02 Jerusalem Standard Time
"UIWidgets" time elapsed: 00:00:00
----------------------------------------------------------

5/5 Testing: ArabicText
5/5 Test: ArabicText
Command: "C:/s/s_language/graphics/build/tests/Release/test_arabic_text.exe"
Directory: C:/s/s_language/graphics/build/tests
"ArabicText" start time: Feb 15 17:02 Jerusalem Standard Time
Output:
----------------------------------------------------------
===============================================================================
All tests passed (106 assertions in 30 test cases)

<end of output>
Test time =   0.02 sec
----------------------------------------------------------
Test Passed.
"ArabicText" end time: Feb 15 17:02 Jerusalem Standard Time
"ArabicText" time elapsed: 00:00:00
----------------------------------------------------------

End testing: Feb 15 17:02 Jerusalem Standard Time
