Start testing: Nov 22 19:36 Jerusalem Standard Time
----------------------------------------------------------
1/5 Testing: StringFunctionsTests
1/5 Test: StringFunctionsTests
Command: "C:/s/s_language/tests/stdlib_tests/build/Release/string_functions_tests.exe"
Directory: C:/s/s_language/tests/stdlib_tests/build
"StringFunctionsTests" start time: Nov 22 19:36 Jerusalem Standard Time
Output:
----------------------------------------------------------
╔════════════════════════════════════════════════════════════╗
║    String Functions Comprehensive Test Suite              ║
║    اختبارات شاملة لدوال النصوص                           ║
╚════════════════════════════════════════════════════════════╝

╔════════════════════════════════════════════════════════════╗
║  1. Testing length() Function                              ║
╚════════════════════════════════════════════════════════════╝
✅ PASS: length: Arabic text 'مرحبا'
✅ PASS: length: English text 'Hello'
✅ PASS: length: Empty string
✅ PASS: length: Long string
✅ PASS: length: Special characters

╔════════════════════════════════════════════════════════════╗
║  2. Testing find() Function                                ║
╚════════════════════════════════════════════════════════════╝
✅ PASS: find: Existing substring
✅ PASS: find: Non-existing substring
✅ PASS: find: At beginning
✅ PASS: find: At end
✅ PASS: find: With start position

╔════════════════════════════════════════════════════════════╗
║  3. Testing replace() Function                             ║
╚════════════════════════════════════════════════════════════╝
✅ PASS: replace: Simple replacement
✅ PASS: replace: Non-existing substring
✅ PASS: replace: All occurrences

╔════════════════════════════════════════════════════════════╗
║  4. Testing substring() Function                           ║
╚════════════════════════════════════════════════════════════╝
✅ PASS: substring: From beginning
✅ PASS: substring: From middle
✅ PASS: substring: Single character

╔════════════════════════════════════════════════════════════╗
║  5. Testing toLower() Function                             ║
╚════════════════════════════════════════════════════════════╝
✅ PASS: toLower: All uppercase
✅ PASS: toLower: Mixed case
✅ PASS: toLower: Already lowercase

╔════════════════════════════════════════════════════════════╗
║  6. Testing toUpper() Function                             ║
╚════════════════════════════════════════════════════════════╝
✅ PASS: toUpper: All lowercase
✅ PASS: toUpper: Mixed case
✅ PASS: toUpper: Already uppercase

╔════════════════════════════════════════════════════════════╗
║  7. Testing trim() Function                                ║
╚════════════════════════════════════════════════════════════╝
✅ PASS: trim: Leading and trailing spaces
✅ PASS: trim: Only leading spaces
✅ PASS: trim: Only trailing spaces
✅ PASS: trim: No spaces

╔════════════════════════════════════════════════════════════╗
║  8. Testing split() Function                               ║
╚════════════════════════════════════════════════════════════╝
✅ PASS: split: By comma
✅ PASS: split: By space
✅ PASS: split: Arabic text

╔════════════════════════════════════════════════════════════╗
║  9. Testing join() Function                                ║
╚════════════════════════════════════════════════════════════╝
✅ PASS: join: With comma
✅ PASS: join: With space
✅ PASS: join: Single element

╔════════════════════════════════════════════════════════════╗
║  10. Testing startsWith() Function                         ║
╚════════════════════════════════════════════════════════════╝
✅ PASS: startsWith: Does start with
✅ PASS: startsWith: Doesn't start with
✅ PASS: startsWith: Arabic text

╔════════════════════════════════════════════════════════════╗
║  11. Testing endsWith() Function                           ║
╚════════════════════════════════════════════════════════════╝
✅ PASS: endsWith: Does end with
✅ PASS: endsWith: Doesn't end with
✅ PASS: endsWith: Arabic text

╔════════════════════════════════════════════════════════════╗
║  12. Testing contains() Function                           ║
╚════════════════════════════════════════════════════════════╝
✅ PASS: contains: Does contain
✅ PASS: contains: Doesn't contain
✅ PASS: contains: Arabic text

╔════════════════════════════════════════════════════════════╗
║  13. Integration Tests                                     ║
╚════════════════════════════════════════════════════════════╝
✅ PASS: Integration: trim + toLower
✅ PASS: Integration: split + join
✅ PASS: Integration: contains + replace

╔════════════════════════════════════════════════════════════╗
║                   Final Results / النتائج النهائية        ║
╚════════════════════════════════════════════════════════════╝

📊 Test Statistics / إحصائيات الاختبارات:
━━━━━━━━━━━━━━━━━━━━━━━━━━━━━━━━━━━━━━━━━━━━
   Total Tests / إجمالي الاختبارات: 44
   ✅ Passed / نجحت: 44
   ❌ Failed / فشلت: 0
   📈 Success Rate / نسبة النجاح: 100%

🎉 Excellent! All tests passed!
🎉 ممتاز! جميع الاختبارات نجحت!
<end of output>
Test time =   0.11 sec
----------------------------------------------------------
Test Passed.
"StringFunctionsTests" end time: Nov 22 19:36 Jerusalem Standard Time
"StringFunctionsTests" time elapsed: 00:00:00
----------------------------------------------------------

2/5 Testing: ArrayFunctionsTests
2/5 Test: ArrayFunctionsTests
Command: "C:/s/s_language/tests/stdlib_tests/build/Release/array_functions_tests.exe"
Directory: C:/s/s_language/tests/stdlib_tests/build
"ArrayFunctionsTests" start time: Nov 22 19:36 Jerusalem Standard Time
Output:
----------------------------------------------------------
╔════════════════════════════════════════════════════════════╗
║    Array Functions Comprehensive Test Suite               ║
║    اختبارات شاملة لدوال المصفوفات                        ║
╚════════════════════════════════════════════════════════════╝

╔════════════════════════════════════════════════════════════╗
║  1. Testing append() Function                              ║
╚════════════════════════════════════════════════════════════╝
✅ PASS: append: Add integer to array
✅ PASS: append: Add string to array
✅ PASS: append: Add to empty array
✅ PASS: append: Add to mixed array

╔════════════════════════════════════════════════════════════╗
║  2. Testing pop() Function                                 ║
╚════════════════════════════════════════════════════════════╝
✅ PASS: pop: Remove last element
✅ PASS: pop: Remove last string
✅ PASS: pop: Single element

╔════════════════════════════════════════════════════════════╗
║  3. Testing size() Function                                ║
╚════════════════════════════════════════════════════════════╝
✅ PASS: size: 5 elements
✅ PASS: size: Empty array
✅ PASS: size: Single element
✅ PASS: size: Mixed types

╔════════════════════════════════════════════════════════════╗
║  4. Testing indexOf() Function                             ║
╚════════════════════════════════════════════════════════════╝
✅ PASS: indexOf: Found at index 2
✅ PASS: indexOf: Not found returns -1
✅ PASS: indexOf: At beginning
✅ PASS: indexOf: With start position
✅ PASS: indexOf: String found

╔════════════════════════════════════════════════════════════╗
║  5. Testing contains() Function                            ║
╚════════════════════════════════════════════════════════════╝
✅ PASS: contains: Integer present
✅ PASS: contains: Integer not present
✅ PASS: contains: String present
✅ PASS: contains: Empty array

╔════════════════════════════════════════════════════════════╗
║  6. Testing reverse() Function                             ║
╚════════════════════════════════════════════════════════════╝
✅ PASS: reverse: Integer array
✅ PASS: reverse: String array
✅ PASS: reverse: Single element

╔════════════════════════════════════════════════════════════╗
║  7. Testing sort() Function                                ║
╚════════════════════════════════════════════════════════════╝
✅ PASS: sort: Ascending order
✅ PASS: sort: Descending order
✅ PASS: sort: String ascending
✅ PASS: sort: Already sorted

╔════════════════════════════════════════════════════════════╗
║  8. Testing first() Function                               ║
╚════════════════════════════════════════════════════════════╝
✅ PASS: first: Integer array
✅ PASS: first: String array
✅ PASS: first: Single element

╔════════════════════════════════════════════════════════════╗
║  9. Testing last() Function                                ║
╚════════════════════════════════════════════════════════════╝
✅ PASS: last: Integer array
✅ PASS: last: String array
✅ PASS: last: Single element

╔════════════════════════════════════════════════════════════╗
║  10. Testing slice() Function                              ║
╚════════════════════════════════════════════════════════════╝
✅ PASS: slice: Middle section
✅ PASS: slice: From beginning
✅ PASS: slice: To end
✅ PASS: slice: String array
✅ PASS: slice: Empty result

╔════════════════════════════════════════════════════════════╗
║  11. Integration Tests                                     ║
╚════════════════════════════════════════════════════════════╝
✅ PASS: Integration: append + sort
✅ PASS: Integration: reverse + first
✅ PASS: Integration: slice + size
✅ PASS: Integration: contains + indexOf

╔════════════════════════════════════════════════════════════╗
║  12. Edge Cases Tests                                      ║
╚════════════════════════════════════════════════════════════╝
✅ PASS: Edge: Large array (1000 elements)
✅ PASS: Edge: Mixed types
✅ PASS: Edge: Nested operations

╔════════════════════════════════════════════════════════════╗
║                   Final Results / النتائج النهائية        ║
╚════════════════════════════════════════════════════════════╝

📊 Test Statistics / إحصائيات الاختبارات:
━━━━━━━━━━━━━━━━━━━━━━━━━━━━━━━━━━━━━━━━━━━━
   Total Tests / إجمالي الاختبارات: 45
   ✅ Passed / نجحت: 45
   ❌ Failed / فشلت: 0
   📈 Success Rate / نسبة النجاح: 100%

🎉 Excellent! All tests passed!
🎉 ممتاز! جميع الاختبارات نجحت!
<end of output>
Test time =   0.10 sec
----------------------------------------------------------
Test Passed.
"ArrayFunctionsTests" end time: Nov 22 19:36 Jerusalem Standard Time
"ArrayFunctionsTests" time elapsed: 00:00:00
----------------------------------------------------------

3/5 Testing: MathFunctionsTests
3/5 Test: MathFunctionsTests
Command: "C:/s/s_language/tests/stdlib_tests/build/Release/math_functions_tests.exe"
Directory: C:/s/s_language/tests/stdlib_tests/build
"MathFunctionsTests" start time: Nov 22 19:36 Jerusalem Standard Time
Output:
----------------------------------------------------------
╔════════════════════════════════════════════════════════════╗
║    Math Functions Comprehensive Test Suite                ║
║    اختبارات شاملة للدوال الرياضية                        ║
╚════════════════════════════════════════════════════════════╝

╔════════════════════════════════════════════════════════════╗
║  1. Testing sqrt() Function                                ║
╚════════════════════════════════════════════════════════════╝
✅ PASS: sqrt: Perfect square (16)
✅ PASS: sqrt: Non-perfect square (2)
✅ PASS: sqrt: Zero
✅ PASS: sqrt: Large number (100)
✅ PASS: sqrt: Small decimal (0.25)

╔════════════════════════════════════════════════════════════╗
║  2. Testing power() Function                               ║
╚════════════════════════════════════════════════════════════╝
✅ PASS: power: 2^3 = 8
✅ PASS: power: n^0 = 1
✅ PASS: power: n^1 = n
✅ PASS: power: 2^-2 = 0.25
✅ PASS: power: 4^0.5 = 2

╔════════════════════════════════════════════════════════════╗
║  3. Testing abs() Function                                 ║
╚════════════════════════════════════════════════════════════╝
✅ PASS: abs: Negative integer (-15)
✅ PASS: abs: Positive integer (20)
✅ PASS: abs: Zero
✅ PASS: abs: Negative double (-3.14)
✅ PASS: abs: Large negative (-1000)

╔════════════════════════════════════════════════════════════╗
║  4. Testing square() Function                              ║
╚════════════════════════════════════════════════════════════╝
✅ PASS: square: 5^2 = 25
✅ PASS: square: (-4)^2 = 16
✅ PASS: square: 0^2 = 0
✅ PASS: square: 2.5^2 = 6.25
✅ PASS: square: 10^2 = 100

╔════════════════════════════════════════════════════════════╗
║  5. Testing max() Function                                 ║
╚════════════════════════════════════════════════════════════╝
✅ PASS: max: Multiple integers
✅ PASS: max: Two numbers
✅ PASS: max: Negative numbers
✅ PASS: max: Mixed signs
✅ PASS: max: Doubles

╔════════════════════════════════════════════════════════════╗
║  6. Testing min() Function                                 ║
╚════════════════════════════════════════════════════════════╝
✅ PASS: min: Multiple integers
✅ PASS: min: Two numbers
✅ PASS: min: Negative numbers
✅ PASS: min: Mixed signs
✅ PASS: min: Doubles

╔════════════════════════════════════════════════════════════╗
║  7. Testing round() Function                               ║
╚════════════════════════════════════════════════════════════╝
✅ PASS: round: 3.7 -> 4
✅ PASS: round: 3.2 -> 3
✅ PASS: round: 3.5 -> 4
✅ PASS: round: -2.7 -> -3
✅ PASS: round: Integer input

╔════════════════════════════════════════════════════════════╗
║  8. Testing floor() Function                               ║
╚════════════════════════════════════════════════════════════╝
✅ PASS: floor: 3.9 -> 3
✅ PASS: floor: 3.1 -> 3
✅ PASS: floor: -2.3 -> -3
✅ PASS: floor: Integer input
✅ PASS: floor: Zero

╔════════════════════════════════════════════════════════════╗
║  9. Testing ceil() Function                                ║
╚════════════════════════════════════════════════════════════╝
✅ PASS: ceil: 3.1 -> 4
✅ PASS: ceil: 3.9 -> 4
✅ PASS: ceil: -2.7 -> -2
✅ PASS: ceil: Integer input
✅ PASS: ceil: Zero

╔════════════════════════════════════════════════════════════╗
║  10. Testing sin() Function                                ║
╚════════════════════════════════════════════════════════════╝
✅ PASS: sin: sin(0) = 0
✅ PASS: sin: sin(π/2) ≈ 1
✅ PASS: sin: sin(π) ≈ 0
✅ PASS: sin: sin(π/6) ≈ 0.5
✅ PASS: sin: sin(-π/2) ≈ -1

╔════════════════════════════════════════════════════════════╗
║  11. Testing cos() Function                                ║
╚════════════════════════════════════════════════════════════╝
✅ PASS: cos: cos(0) = 1
✅ PASS: cos: cos(π/2) ≈ 0
✅ PASS: cos: cos(π) ≈ -1
✅ PASS: cos: cos(π/3) ≈ 0.5
✅ PASS: cos: cos(-π) ≈ -1

╔════════════════════════════════════════════════════════════╗
║  12. Testing tan() Function                                ║
╚════════════════════════════════════════════════════════════╝
✅ PASS: tan: tan(0) = 0
✅ PASS: tan: tan(π/4) ≈ 1
✅ PASS: tan: tan(π) ≈ 0
✅ PASS: tan: tan(-π/4) ≈ -1

╔════════════════════════════════════════════════════════════╗
║  13. Integration Tests                                     ║
╚════════════════════════════════════════════════════════════╝
✅ PASS: Integration: Pythagorean (3,4,5)
✅ PASS: Integration: abs(min(...))
✅ PASS: Integration: round(sqrt(2^4))

╔════════════════════════════════════════════════════════════╗
║                   Final Results / النتائج النهائية        ║
╚════════════════════════════════════════════════════════════╝

📊 Test Statistics / إحصائيات الاختبارات:
━━━━━━━━━━━━━━━━━━━━━━━━━━━━━━━━━━━━━━━━━━━━
   Total Tests / إجمالي الاختبارات: 62
   ✅ Passed / نجحت: 62
   ❌ Failed / فشلت: 0
   📈 Success Rate / نسبة النجاح: 100%

🎉 Excellent! All tests passed!
🎉 ممتاز! جميع الاختبارات نجحت!
<end of output>
Test time =   0.11 sec
----------------------------------------------------------
Test Passed.
"MathFunctionsTests" end time: Nov 22 19:36 Jerusalem Standard Time
"MathFunctionsTests" time elapsed: 00:00:00
----------------------------------------------------------

4/5 Testing: TypeFunctionsTests
4/5 Test: TypeFunctionsTests
Command: "C:/s/s_language/tests/stdlib_tests/build/Release/type_functions_tests.exe"
Directory: C:/s/s_language/tests/stdlib_tests/build
"TypeFunctionsTests" start time: Nov 22 19:36 Jerusalem Standard Time
Output:
----------------------------------------------------------
╔══════════════════════════════════════════════════════════════╗
║    Type Functions Comprehensive Test Suite                  ║
║    اختبارات شاملة لدوال الأنواع                            ║
╚══════════════════════════════════════════════════════════════╝

╔══════════════════════════════════════════════════════════════╗
║  1. Testing toString() Function                              ║
╚══════════════════════════════════════════════════════════════╝
✅ PASS: toString: Integer 42
✅ PASS: toString: Float 3.14
✅ PASS: toString: String 'hello'
✅ PASS: toString: Boolean true
✅ PASS: toString: Boolean false
✅ PASS: toString: Array [1,2,3]

╔══════════════════════════════════════════════════════════════╗
║  2. Testing toInt() Function                                 ║
╚══════════════════════════════════════════════════════════════╝
✅ PASS: toInt: String '123' → 123
✅ PASS: toInt: Float 3.14 → 3
✅ PASS: toInt: Float -2.7 → -2
✅ PASS: toInt: Boolean true → 1
✅ PASS: toInt: Boolean false → 0
✅ PASS: toInt: Invalid string 'hello' → 0

╔══════════════════════════════════════════════════════════════╗
║  3. Testing toFloat() Function                               ║
╚══════════════════════════════════════════════════════════════╝
✅ PASS: toFloat: String '3.14' → 3.14
✅ PASS: toFloat: Integer 42 → 42.0
✅ PASS: toFloat: Boolean true → 1.0
✅ PASS: toFloat: Boolean false → 0.0
✅ PASS: toFloat: Invalid string → 0.0

╔══════════════════════════════════════════════════════════════╗
║  4. Testing toArray() Function                               ║
╚══════════════════════════════════════════════════════════════╝
✅ PASS: toArray: String 'hello' → 5 chars
✅ PASS: toArray: Integer 42 → [42]
✅ PASS: toArray: Array [1,2,3] → [1,2,3]
✅ PASS: toArray: Boolean true → [true]
✅ PASS: toArray: Empty string → []

╔══════════════════════════════════════════════════════════════╗
║  5. Testing toBool() Function                                ║
╚══════════════════════════════════════════════════════════════╝
✅ PASS: toBool: Integer 42 → true
✅ PASS: toBool: Integer 0 → false
✅ PASS: toBool: String 'hello' → true
✅ PASS: toBool: Empty string → false
✅ PASS: toBool: Array [1,2] → true
✅ PASS: toBool: Empty array → false

╔══════════════════════════════════════════════════════════════╗
║  6. Testing isInt() Function                                 ║
╚══════════════════════════════════════════════════════════════╝
✅ PASS: isInt: 42 → true
✅ PASS: isInt: 3.14 → false
✅ PASS: isInt: '123' → false
✅ PASS: isInt: [1] → false

╔══════════════════════════════════════════════════════════════╗
║  7. Testing isFloat() Function                               ║
╚══════════════════════════════════════════════════════════════╝
✅ PASS: isFloat: 3.14 → true
✅ PASS: isFloat: 42 → false
✅ PASS: isFloat: '3.14' → false
✅ PASS: isFloat: true → false

╔══════════════════════════════════════════════════════════════╗
║  8. Testing isString() Function                              ║
╚══════════════════════════════════════════════════════════════╝
✅ PASS: isString: 'hello' → true
✅ PASS: isString: 42 → false
✅ PASS: isString: ['a'] → false
✅ PASS: isString: '' → true

╔══════════════════════════════════════════════════════════════╗
║  9. Testing isArray() Function                               ║
╚══════════════════════════════════════════════════════════════╝
✅ PASS: isArray: [1,2] → true
✅ PASS: isArray: 'hello' → false
✅ PASS: isArray: 42 → false
✅ PASS: isArray: [] → true

╔══════════════════════════════════════════════════════════════╗
║  10. Testing type() Function                                 ║
╚══════════════════════════════════════════════════════════════╝
✅ PASS: type: 42 → 'integer'
✅ PASS: type: 3.14 → 'double'
✅ PASS: type: 'hello' → 'string'
✅ PASS: type: true → 'boolean'
✅ PASS: type: [1] → 'array'
✅ PASS: type: void → 'void'

╔══════════════════════════════════════════════════════════════╗
║  11. Integration Tests                                       ║
╚══════════════════════════════════════════════════════════════╝
✅ PASS: Integration: toString → isString
✅ PASS: Integration: toInt → isInt
✅ PASS: Integration: toArray → isArray
✅ PASS: Integration: type(3.14)
✅ PASS: Integration: int → string → int

╔══════════════════════════════════════════════════════════════╗
║                   Final Results / النتائج النهائية         ║
╚══════════════════════════════════════════════════════════════╝

🎉 Test Statistics / إحصائيات الاختبار:
━━━━━━━━━━━━━━━━━━━━━━━━━━━━━━━━━━━━━━━━━━
   Total Tests / إجمالي الاختبارات: 54
   ✅ Passed / نجحت: 54
   ❌ Failed / فشلت: 0
   📈 Success Rate / نسبة النجاح: 100%

🎉 Excellent! All tests passed!
🎉 ممتاز! جميع الاختبارات نجحت!
<end of output>
Test time =   0.10 sec
----------------------------------------------------------
Test Passed.
"TypeFunctionsTests" end time: Nov 22 19:36 Jerusalem Standard Time
"TypeFunctionsTests" time elapsed: 00:00:00
----------------------------------------------------------

5/5 Testing: OtherFunctionsTests
5/5 Test: OtherFunctionsTests
Command: "C:/s/s_language/tests/stdlib_tests/build/Release/other_functions_tests.exe"
Directory: C:/s/s_language/tests/stdlib_tests/build
"OtherFunctionsTests" start time: Nov 22 19:36 Jerusalem Standard Time
Output:
----------------------------------------------------------
┌═════════════════════════════════════════════════════┐
│    Other Functions Comprehensive Test Suite        │
│     اختبارات شاملة لدوال أخرى                     │
└═════════════════════════════════════════════════════┘

┌─────────────────────────────────────────────────────┐
│  1. Testing random() Function                      │
└─────────────────────────────────────────────────────┘
  ✓ PASS: random(): Returns integer
  ✓ PASS: random(): Returns non-negative number
  ✓ PASS: random(10): Returns number between 0 and 9
  ✓ PASS: random(5, 15): Returns number between 5 and 14
  ✓ PASS: random(): Shows variation in generated numbers
  ✓ PASS: random(1): Always returns 0
  ✓ PASS: random(10, 11): Returns 10 (only option)

┌─────────────────────────────────────────────────────┐
│  2. Testing sleep() Function                       │
└─────────────────────────────────────────────────────┘
  ✓ PASS: sleep(100): Sleeps approximately 100ms
  ✓ PASS: sleep(0): Minimal delay
  ✓ PASS: sleep(): Returns void
  ✓ PASS: sleep(50): First call works correctly
  ✓ PASS: sleep(50): Second call works correctly

┌─────────────────────────────────────────────────────┐
│  3. Testing assert() Function                      │
└─────────────────────────────────────────────────────┘
  ✓ PASS: assert(true): Passes without error
  ✓ PASS: assert(true condition): Passes
  ✓ PASS: assert(): Multiple true conditions pass
  ✓ PASS: assert(true): Returns void
  ℹ Note: assert(false) tests skipped (would terminate program)

┌─────────────────────────────────────────────────────┐
│  4. Testing input() Function (Limited)             │
└─────────────────────────────────────────────────────┘
  ℹ Note: input() requires user interaction, testing structure only
  ✓ PASS: input(): Function signature is correct
  ℹ Note: input(prompt) tested in integration tests
  ✓ PASS: input(prompt): Function signature is correct

┌─────────────────────────────────────────────────────┐
│  5. Testing exit() Function (Very Limited)         │
└─────────────────────────────────────────────────────┘
  ℹ Note: exit() tests skipped (would terminate program)
  ℹ exit() is tested manually and in integration scenarios
  ✓ PASS: exit(): Function exists and can be called (not tested)

┌─────────────────────────────────────────────────────┐
│  6. Integration Tests                              │
└─────────────────────────────────────────────────────┘
  ✓ PASS: Integration: random() + assert() work together
  ✓ PASS: Integration: Multiple sleep() calls accumulate correctly
  ✓ PASS: Integration: All random numbers are within specified range
  ✓ PASS: Integration: assert() verifies random number ranges
  ✓ PASS: Integration: Complex operation chain works correctly

┌═════════════════════════════════════════════════════┐
│              Final Results / النتائج النهائية      │
└═════════════════════════════════════════════════════┘

≡ƒמי Test Statistics / إحصائيات الاختبار:
╔═════════════════════════════════════════════════════╗
   Total Tests / إجمالي الاختبارات: 24
   ✓ Passed / نجح: 24
   ✗ Failed / فشل: 0
   🎯 Success Rate / نسبة النجاح: 100%
╚═════════════════════════════════════════════════════╝

🎉 Excellent! All tests passed!
🎉 ممتاز! جميع الاختبارات نجحت!
<end of output>
Test time =   0.46 sec
----------------------------------------------------------
Test Passed.
"OtherFunctionsTests" end time: Nov 22 19:36 Jerusalem Standard Time
"OtherFunctionsTests" time elapsed: 00:00:00
----------------------------------------------------------

End testing: Nov 22 19:36 Jerusalem Standard Time
